Script started at Wed 02/26/2025 23:15:55.18 
Running Python script... 
\U0001f539 Task Scheduler triggered send_notifications.py
Current time: 2025-02-26 22:15:57.162555+00:00, Target time: 2025-02-26 23:15:57.162555+00:00
Found 1 sessions matching condition.
\u274c Error sending notifications: (535, b'5.7.8 Username and Password not accepted. For more information, go to\n5.7.8  https://support.google.com/mail/?p=BadCredentials ffacd0b85a97d-390e47a7b88sm131011f8f.40 - gsmtp')
Email notification sent for session: Best Place
Traceback (most recent call last):
  File "C:\VS_Code\Camp_programs\Projects\vote_cast\manage.py", line 21, in <module>
    main()
  File "C:\VS_Code\Camp_programs\Projects\vote_cast\manage.py", line 17, in main
    execute_from_command_line(sys.argv)
  File "C:\VS_Code\Camp_programs\Projects\vote_cast\venv\lib\site-packages\django\core\management\__init__.py", line 442, in execute_from_command_line
    utility.execute()
  File "C:\VS_Code\Camp_programs\Projects\vote_cast\venv\lib\site-packages\django\core\management\__init__.py", line 436, in execute
    self.fetch_command(subcommand).run_from_argv(self.argv)
  File "C:\VS_Code\Camp_programs\Projects\vote_cast\venv\lib\site-packages\django\core\management\__init__.py", line 275, in fetch_command
    klass = load_command_class(app_name, subcommand)
  File "C:\VS_Code\Camp_programs\Projects\vote_cast\venv\lib\site-packages\django\core\management\__init__.py", line 49, in load_command_class
    return module.Command()
AttributeError: module 'voting_sessions.management.commands.send_notifications' has no attribute 'Command'
Script finished at Wed 02/26/2025 23:15:58.42 
Script started at Wed 02/26/2025 23:16:48.09 
Running Python script... 
\U0001f539 Task Scheduler triggered send_notifications.py
Current time: 2025-02-26 22:16:49.566632+00:00, Target time: 2025-02-26 23:16:49.566632+00:00
Found 1 sessions matching condition.
\u274c Error sending notifications: (535, b'5.7.8 Username and Password not accepted. For more information, go to\n5.7.8  https://support.google.com/mail/?p=BadCredentials 5b1f17b1804b1-43b73717230sm2768265e9.19 - gsmtp')
Email notification sent for session: Best Place
Traceback (most recent call last):
  File "C:\VS_Code\Camp_programs\Projects\vote_cast\manage.py", line 21, in <module>
    main()
  File "C:\VS_Code\Camp_programs\Projects\vote_cast\manage.py", line 17, in main
    execute_from_command_line(sys.argv)
  File "C:\VS_Code\Camp_programs\Projects\vote_cast\venv\lib\site-packages\django\core\management\__init__.py", line 442, in execute_from_command_line
    utility.execute()
  File "C:\VS_Code\Camp_programs\Projects\vote_cast\venv\lib\site-packages\django\core\management\__init__.py", line 436, in execute
    self.fetch_command(subcommand).run_from_argv(self.argv)
  File "C:\VS_Code\Camp_programs\Projects\vote_cast\venv\lib\site-packages\django\core\management\__init__.py", line 275, in fetch_command
    klass = load_command_class(app_name, subcommand)
  File "C:\VS_Code\Camp_programs\Projects\vote_cast\venv\lib\site-packages\django\core\management\__init__.py", line 49, in load_command_class
    return module.Command()
AttributeError: module 'voting_sessions.management.commands.send_notifications' has no attribute 'Command'
Script finished at Wed 02/26/2025 23:16:50.77 
Script started at Wed 02/26/2025 23:17:17.43 
Running Python script... 
\U0001f539 Task Scheduler triggered send_notifications.py
Current time: 2025-02-26 22:17:19.395797+00:00, Target time: 2025-02-26 23:17:19.395797+00:00
Found 1 sessions matching condition.
\u274c Error sending notifications: (535, b'5.7.8 Username and Password not accepted. For more information, go to\n5.7.8  https://support.google.com/mail/?p=BadCredentials ffacd0b85a97d-390e4795962sm139222f8f.13 - gsmtp')
Email notification sent for session: Best Place
Traceback (most recent call last):
  File "C:\VS_Code\Camp_programs\Projects\vote_cast\manage.py", line 21, in <module>
    main()
  File "C:\VS_Code\Camp_programs\Projects\vote_cast\manage.py", line 17, in main
    execute_from_command_line(sys.argv)
  File "C:\VS_Code\Camp_programs\Projects\vote_cast\venv\lib\site-packages\django\core\management\__init__.py", line 442, in execute_from_command_line
    utility.execute()
  File "C:\VS_Code\Camp_programs\Projects\vote_cast\venv\lib\site-packages\django\core\management\__init__.py", line 436, in execute
    self.fetch_command(subcommand).run_from_argv(self.argv)
  File "C:\VS_Code\Camp_programs\Projects\vote_cast\venv\lib\site-packages\django\core\management\__init__.py", line 275, in fetch_command
    klass = load_command_class(app_name, subcommand)
  File "C:\VS_Code\Camp_programs\Projects\vote_cast\venv\lib\site-packages\django\core\management\__init__.py", line 49, in load_command_class
    return module.Command()
AttributeError: module 'voting_sessions.management.commands.send_notifications' has no attribute 'Command'
Script finished at Wed 02/26/2025 23:17:20.96 
Script started at Wed 02/26/2025 23:22:17.22 
Running Python script... 
\U0001f539 Task Scheduler triggered send_notifications.py
Current time: 2025-02-26 22:22:19.951126+00:00, Target time: 2025-02-26 23:22:19.951126+00:00
Found 1 sessions matching condition.
\u274c Error sending notifications: (535, b'5.7.8 Username and Password not accepted. For more information, go to\n5.7.8  https://support.google.com/mail/?p=BadCredentials ffacd0b85a97d-390e47a6aabsm142464f8f.26 - gsmtp')
Email notification sent for session: Best Place
Traceback (most recent call last):
  File "C:\VS_Code\Camp_programs\Projects\vote_cast\manage.py", line 21, in <module>
    main()
  File "C:\VS_Code\Camp_programs\Projects\vote_cast\manage.py", line 17, in main
    execute_from_command_line(sys.argv)
  File "C:\VS_Code\Camp_programs\Projects\vote_cast\venv\lib\site-packages\django\core\management\__init__.py", line 442, in execute_from_command_line
    utility.execute()
  File "C:\VS_Code\Camp_programs\Projects\vote_cast\venv\lib\site-packages\django\core\management\__init__.py", line 436, in execute
    self.fetch_command(subcommand).run_from_argv(self.argv)
  File "C:\VS_Code\Camp_programs\Projects\vote_cast\venv\lib\site-packages\django\core\management\__init__.py", line 275, in fetch_command
    klass = load_command_class(app_name, subcommand)
  File "C:\VS_Code\Camp_programs\Projects\vote_cast\venv\lib\site-packages\django\core\management\__init__.py", line 49, in load_command_class
    return module.Command()
AttributeError: module 'voting_sessions.management.commands.send_notifications' has no attribute 'Command'
Script finished at Wed 02/26/2025 23:22:21.23 
Script started at Wed 02/26/2025 23:27:17.18 
Running Python script... 
\U0001f539 Task Scheduler triggered send_notifications.py
Current time: 2025-02-26 22:27:19.781684+00:00, Target time: 2025-02-26 23:27:19.781684+00:00
Found 1 sessions matching condition.
\u274c Error sending notifications: (535, b'5.7.8 Username and Password not accepted. For more information, go to\n5.7.8  https://support.google.com/mail/?p=BadCredentials ffacd0b85a97d-390e4844892sm135699f8f.64 - gsmtp')
Email notification sent for session: Best Place
Traceback (most recent call last):
  File "C:\VS_Code\Camp_programs\Projects\vote_cast\manage.py", line 21, in <module>
    main()
  File "C:\VS_Code\Camp_programs\Projects\vote_cast\manage.py", line 17, in main
    execute_from_command_line(sys.argv)
  File "C:\VS_Code\Camp_programs\Projects\vote_cast\venv\lib\site-packages\django\core\management\__init__.py", line 442, in execute_from_command_line
    utility.execute()
  File "C:\VS_Code\Camp_programs\Projects\vote_cast\venv\lib\site-packages\django\core\management\__init__.py", line 436, in execute
    self.fetch_command(subcommand).run_from_argv(self.argv)
  File "C:\VS_Code\Camp_programs\Projects\vote_cast\venv\lib\site-packages\django\core\management\__init__.py", line 275, in fetch_command
    klass = load_command_class(app_name, subcommand)
  File "C:\VS_Code\Camp_programs\Projects\vote_cast\venv\lib\site-packages\django\core\management\__init__.py", line 49, in load_command_class
    return module.Command()
AttributeError: module 'voting_sessions.management.commands.send_notifications' has no attribute 'Command'
Script finished at Wed 02/26/2025 23:27:20.98 
Script started at Wed 02/26/2025 23:32:17.18 
Running Python script... 
\U0001f539 Task Scheduler triggered send_notifications.py
Current time: 2025-02-26 22:32:20.337458+00:00, Target time: 2025-02-26 23:32:20.337458+00:00
Found 1 sessions matching condition.
\u274c Error sending notifications: (535, b'5.7.8 Username and Password not accepted. For more information, go to\n5.7.8  https://support.google.com/mail/?p=BadCredentials ffacd0b85a97d-390e4844a16sm145110f8f.79 - gsmtp')
Email notification sent for session: Best Place
Traceback (most recent call last):
  File "C:\VS_Code\Camp_programs\Projects\vote_cast\manage.py", line 21, in <module>
    main()
  File "C:\VS_Code\Camp_programs\Projects\vote_cast\manage.py", line 17, in main
    execute_from_command_line(sys.argv)
  File "C:\VS_Code\Camp_programs\Projects\vote_cast\venv\lib\site-packages\django\core\management\__init__.py", line 442, in execute_from_command_line
    utility.execute()
  File "C:\VS_Code\Camp_programs\Projects\vote_cast\venv\lib\site-packages\django\core\management\__init__.py", line 436, in execute
    self.fetch_command(subcommand).run_from_argv(self.argv)
  File "C:\VS_Code\Camp_programs\Projects\vote_cast\venv\lib\site-packages\django\core\management\__init__.py", line 275, in fetch_command
    klass = load_command_class(app_name, subcommand)
  File "C:\VS_Code\Camp_programs\Projects\vote_cast\venv\lib\site-packages\django\core\management\__init__.py", line 49, in load_command_class
    return module.Command()
AttributeError: module 'voting_sessions.management.commands.send_notifications' has no attribute 'Command'
Script finished at Wed 02/26/2025 23:32:21.65 
Script started at Wed 02/26/2025 23:37:17.26 
Running Python script... 
\U0001f539 Task Scheduler triggered send_notifications.py
Current time: 2025-02-26 22:37:19.292646+00:00, Target time: 2025-02-26 23:37:19.292646+00:00
Found 1 sessions matching condition.
\u274c Error sending notifications: (535, b'5.7.8 Username and Password not accepted. For more information, go to\n5.7.8  https://support.google.com/mail/?p=BadCredentials 5b1f17b1804b1-43b7a28bf55sm2981415e9.38 - gsmtp')
Email notification sent for session: Best Place
Traceback (most recent call last):
  File "C:\VS_Code\Camp_programs\Projects\vote_cast\manage.py", line 21, in <module>
    main()
  File "C:\VS_Code\Camp_programs\Projects\vote_cast\manage.py", line 17, in main
    execute_from_command_line(sys.argv)
  File "C:\VS_Code\Camp_programs\Projects\vote_cast\venv\lib\site-packages\django\core\management\__init__.py", line 442, in execute_from_command_line
    utility.execute()
  File "C:\VS_Code\Camp_programs\Projects\vote_cast\venv\lib\site-packages\django\core\management\__init__.py", line 436, in execute
    self.fetch_command(subcommand).run_from_argv(self.argv)
  File "C:\VS_Code\Camp_programs\Projects\vote_cast\venv\lib\site-packages\django\core\management\__init__.py", line 275, in fetch_command
    klass = load_command_class(app_name, subcommand)
  File "C:\VS_Code\Camp_programs\Projects\vote_cast\venv\lib\site-packages\django\core\management\__init__.py", line 49, in load_command_class
    return module.Command()
AttributeError: module 'voting_sessions.management.commands.send_notifications' has no attribute 'Command'
Script finished at Wed 02/26/2025 23:37:20.84 
Script started at Wed 02/26/2025 23:42:18.17 
Running Python script... 
\U0001f539 Task Scheduler triggered send_notifications.py
Current time: 2025-02-26 22:42:20.944083+00:00, Target time: 2025-02-26 23:42:20.944083+00:00
Found 1 sessions matching condition.
\u274c Error sending notifications: (535, b'5.7.8 Username and Password not accepted. For more information, go to\n5.7.8  https://support.google.com/mail/?p=BadCredentials 5b1f17b1804b1-43aba587163sm35176695e9.36 - gsmtp')
Email notification sent for session: Best Place
Traceback (most recent call last):
  File "C:\VS_Code\Camp_programs\Projects\vote_cast\manage.py", line 21, in <module>
    main()
  File "C:\VS_Code\Camp_programs\Projects\vote_cast\manage.py", line 17, in main
    execute_from_command_line(sys.argv)
  File "C:\VS_Code\Camp_programs\Projects\vote_cast\venv\lib\site-packages\django\core\management\__init__.py", line 442, in execute_from_command_line
    utility.execute()
  File "C:\VS_Code\Camp_programs\Projects\vote_cast\venv\lib\site-packages\django\core\management\__init__.py", line 436, in execute
    self.fetch_command(subcommand).run_from_argv(self.argv)
  File "C:\VS_Code\Camp_programs\Projects\vote_cast\venv\lib\site-packages\django\core\management\__init__.py", line 275, in fetch_command
    klass = load_command_class(app_name, subcommand)
  File "C:\VS_Code\Camp_programs\Projects\vote_cast\venv\lib\site-packages\django\core\management\__init__.py", line 49, in load_command_class
    return module.Command()
AttributeError: module 'voting_sessions.management.commands.send_notifications' has no attribute 'Command'
Script finished at Wed 02/26/2025 23:42:22.17 
Script started at Wed 02/26/2025 23:47:36.21 
Running Python script... 
\U0001f539 Task Scheduler triggered send_notifications.py
Current time: 2025-02-26 22:47:39.210746+00:00, Target time: 2025-02-26 23:47:39.210746+00:00
Found 1 sessions matching condition.
\u274c Error sending notifications: [Errno 11001] getaddrinfo failed
Email notification sent for session: Best Place
Traceback (most recent call last):
  File "C:\VS_Code\Camp_programs\Projects\vote_cast\manage.py", line 21, in <module>
    main()
  File "C:\VS_Code\Camp_programs\Projects\vote_cast\manage.py", line 17, in main
    execute_from_command_line(sys.argv)
  File "C:\VS_Code\Camp_programs\Projects\vote_cast\venv\lib\site-packages\django\core\management\__init__.py", line 442, in execute_from_command_line
    utility.execute()
  File "C:\VS_Code\Camp_programs\Projects\vote_cast\venv\lib\site-packages\django\core\management\__init__.py", line 436, in execute
    self.fetch_command(subcommand).run_from_argv(self.argv)
  File "C:\VS_Code\Camp_programs\Projects\vote_cast\venv\lib\site-packages\django\core\management\__init__.py", line 275, in fetch_command
    klass = load_command_class(app_name, subcommand)
  File "C:\VS_Code\Camp_programs\Projects\vote_cast\venv\lib\site-packages\django\core\management\__init__.py", line 49, in load_command_class
    return module.Command()
AttributeError: module 'voting_sessions.management.commands.send_notifications' has no attribute 'Command'
Script finished at Wed 02/26/2025 23:47:39.60 
Script started at Thu 02/27/2025  4:47:17.66 
Running Python script... 
\U0001f539 Task Scheduler triggered send_notifications.py
Current time: 2025-02-27 03:47:21.176595+00:00, Target time: 2025-02-27 04:47:21.176595+00:00
Found 0 sessions matching condition.
\u2705 Email notifications sent successfully
Traceback (most recent call last):
  File "C:\VS_Code\Camp_programs\Projects\vote_cast\manage.py", line 21, in <module>
    main()
  File "C:\VS_Code\Camp_programs\Projects\vote_cast\manage.py", line 17, in main
    execute_from_command_line(sys.argv)
  File "C:\VS_Code\Camp_programs\Projects\vote_cast\venv\lib\site-packages\django\core\management\__init__.py", line 442, in execute_from_command_line
    utility.execute()
  File "C:\VS_Code\Camp_programs\Projects\vote_cast\venv\lib\site-packages\django\core\management\__init__.py", line 436, in execute
    self.fetch_command(subcommand).run_from_argv(self.argv)
  File "C:\VS_Code\Camp_programs\Projects\vote_cast\venv\lib\site-packages\django\core\management\__init__.py", line 275, in fetch_command
    klass = load_command_class(app_name, subcommand)
  File "C:\VS_Code\Camp_programs\Projects\vote_cast\venv\lib\site-packages\django\core\management\__init__.py", line 49, in load_command_class
    return module.Command()
AttributeError: module 'voting_sessions.management.commands.send_notifications' has no attribute 'Command'
Script finished at Thu 02/27/2025  4:47:21.41 
Script started at Thu 02/27/2025  4:52:17.69 
Running Python script... 
\U0001f539 Task Scheduler triggered send_notifications.py
Current time: 2025-02-27 03:52:19.673089+00:00, Target time: 2025-02-27 04:52:19.673089+00:00
Found 0 sessions matching condition.
\u2705 Email notifications sent successfully
Traceback (most recent call last):
  File "C:\VS_Code\Camp_programs\Projects\vote_cast\manage.py", line 21, in <module>
    main()
  File "C:\VS_Code\Camp_programs\Projects\vote_cast\manage.py", line 17, in main
    execute_from_command_line(sys.argv)
  File "C:\VS_Code\Camp_programs\Projects\vote_cast\venv\lib\site-packages\django\core\management\__init__.py", line 442, in execute_from_command_line
    utility.execute()
  File "C:\VS_Code\Camp_programs\Projects\vote_cast\venv\lib\site-packages\django\core\management\__init__.py", line 436, in execute
    self.fetch_command(subcommand).run_from_argv(self.argv)
  File "C:\VS_Code\Camp_programs\Projects\vote_cast\venv\lib\site-packages\django\core\management\__init__.py", line 275, in fetch_command
    klass = load_command_class(app_name, subcommand)
  File "C:\VS_Code\Camp_programs\Projects\vote_cast\venv\lib\site-packages\django\core\management\__init__.py", line 49, in load_command_class
    return module.Command()
AttributeError: module 'voting_sessions.management.commands.send_notifications' has no attribute 'Command'
Script finished at Thu 02/27/2025  4:52:19.81 
Script started at Thu 02/27/2025  5:02:55.38 
Running Python script... 
\U0001f539 Task Scheduler triggered send_notifications.py
Current time: 2025-02-27 04:04:14.793542+00:00, Target time: 2025-02-27 05:04:14.793542+00:00
Found 0 sessions matching condition.
\u2705 Email notifications sent successfully
Traceback (most recent call last):
  File "C:\VS_Code\Camp_programs\Projects\vote_cast\manage.py", line 21, in <module>
    main()
  File "C:\VS_Code\Camp_programs\Projects\vote_cast\manage.py", line 17, in main
    execute_from_command_line(sys.argv)
  File "C:\VS_Code\Camp_programs\Projects\vote_cast\venv\lib\site-packages\django\core\management\__init__.py", line 442, in execute_from_command_line
    utility.execute()
  File "C:\VS_Code\Camp_programs\Projects\vote_cast\venv\lib\site-packages\django\core\management\__init__.py", line 436, in execute
    self.fetch_command(subcommand).run_from_argv(self.argv)
  File "C:\VS_Code\Camp_programs\Projects\vote_cast\venv\lib\site-packages\django\core\management\__init__.py", line 275, in fetch_command
    klass = load_command_class(app_name, subcommand)
  File "C:\VS_Code\Camp_programs\Projects\vote_cast\venv\lib\site-packages\django\core\management\__init__.py", line 49, in load_command_class
    return module.Command()
AttributeError: module 'voting_sessions.management.commands.send_notifications' has no attribute 'Command'
Script finished at Thu 02/27/2025  5:04:17.26 
Script started at Thu 02/27/2025  5:07:17.91 
Running Python script... 
\U0001f539 Task Scheduler triggered send_notifications.py
Current time: 2025-02-27 04:07:20.508213+00:00, Target time: 2025-02-27 05:07:20.508213+00:00
Found 0 sessions matching condition.
\u2705 Email notifications sent successfully
Traceback (most recent call last):
  File "C:\VS_Code\Camp_programs\Projects\vote_cast\manage.py", line 21, in <module>
    main()
  File "C:\VS_Code\Camp_programs\Projects\vote_cast\manage.py", line 17, in main
    execute_from_command_line(sys.argv)
  File "C:\VS_Code\Camp_programs\Projects\vote_cast\venv\lib\site-packages\django\core\management\__init__.py", line 442, in execute_from_command_line
    utility.execute()
  File "C:\VS_Code\Camp_programs\Projects\vote_cast\venv\lib\site-packages\django\core\management\__init__.py", line 436, in execute
    self.fetch_command(subcommand).run_from_argv(self.argv)
  File "C:\VS_Code\Camp_programs\Projects\vote_cast\venv\lib\site-packages\django\core\management\__init__.py", line 275, in fetch_command
    klass = load_command_class(app_name, subcommand)
  File "C:\VS_Code\Camp_programs\Projects\vote_cast\venv\lib\site-packages\django\core\management\__init__.py", line 49, in load_command_class
    return module.Command()
AttributeError: module 'voting_sessions.management.commands.send_notifications' has no attribute 'Command'
Script finished at Thu 02/27/2025  5:07:20.72 
Script started at Thu 02/27/2025  5:12:17.78 
Running Python script... 
\U0001f539 Task Scheduler triggered send_notifications.py
Current time: 2025-02-27 04:12:21.422493+00:00, Target time: 2025-02-27 05:12:21.422493+00:00
Found 0 sessions matching condition.
\u2705 Email notifications sent successfully
Traceback (most recent call last):
  File "C:\VS_Code\Camp_programs\Projects\vote_cast\manage.py", line 21, in <module>
    main()
  File "C:\VS_Code\Camp_programs\Projects\vote_cast\manage.py", line 17, in main
    execute_from_command_line(sys.argv)
  File "C:\VS_Code\Camp_programs\Projects\vote_cast\venv\lib\site-packages\django\core\management\__init__.py", line 442, in execute_from_command_line
    utility.execute()
  File "C:\VS_Code\Camp_programs\Projects\vote_cast\venv\lib\site-packages\django\core\management\__init__.py", line 436, in execute
    self.fetch_command(subcommand).run_from_argv(self.argv)
  File "C:\VS_Code\Camp_programs\Projects\vote_cast\venv\lib\site-packages\django\core\management\__init__.py", line 275, in fetch_command
    klass = load_command_class(app_name, subcommand)
  File "C:\VS_Code\Camp_programs\Projects\vote_cast\venv\lib\site-packages\django\core\management\__init__.py", line 49, in load_command_class
    return module.Command()
AttributeError: module 'voting_sessions.management.commands.send_notifications' has no attribute 'Command'
Script finished at Thu 02/27/2025  5:12:21.62 
Script started at Thu 02/27/2025  5:17:18.10 
Running Python script... 
\U0001f539 Task Scheduler triggered send_notifications.py
Current time: 2025-02-27 04:17:22.086549+00:00, Target time: 2025-02-27 05:17:22.086549+00:00
Found 0 sessions matching condition.
\u2705 Email notifications sent successfully
Traceback (most recent call last):
  File "C:\VS_Code\Camp_programs\Projects\vote_cast\manage.py", line 21, in <module>
    main()
  File "C:\VS_Code\Camp_programs\Projects\vote_cast\manage.py", line 17, in main
    execute_from_command_line(sys.argv)
  File "C:\VS_Code\Camp_programs\Projects\vote_cast\venv\lib\site-packages\django\core\management\__init__.py", line 442, in execute_from_command_line
    utility.execute()
  File "C:\VS_Code\Camp_programs\Projects\vote_cast\venv\lib\site-packages\django\core\management\__init__.py", line 436, in execute
    self.fetch_command(subcommand).run_from_argv(self.argv)
  File "C:\VS_Code\Camp_programs\Projects\vote_cast\venv\lib\site-packages\django\core\management\__init__.py", line 275, in fetch_command
    klass = load_command_class(app_name, subcommand)
  File "C:\VS_Code\Camp_programs\Projects\vote_cast\venv\lib\site-packages\django\core\management\__init__.py", line 49, in load_command_class
    return module.Command()
AttributeError: module 'voting_sessions.management.commands.send_notifications' has no attribute 'Command'
Script finished at Thu 02/27/2025  5:17:22.28 
Script started at Thu 02/27/2025  9:17:17.66 
Running Python script... 
\U0001f539 Task Scheduler triggered send_notifications.py
Current time: 2025-02-27 08:17:22.745241+00:00, Target time: 2025-02-27 09:17:22.745241+00:00
Found 0 sessions matching condition.
\u2705 Email notifications sent successfully
Traceback (most recent call last):
  File "C:\VS_Code\Camp_programs\Projects\vote_cast\manage.py", line 21, in <module>
    main()
  File "C:\VS_Code\Camp_programs\Projects\vote_cast\manage.py", line 17, in main
    execute_from_command_line(sys.argv)
  File "C:\VS_Code\Camp_programs\Projects\vote_cast\venv\lib\site-packages\django\core\management\__init__.py", line 442, in execute_from_command_line
    utility.execute()
  File "C:\VS_Code\Camp_programs\Projects\vote_cast\venv\lib\site-packages\django\core\management\__init__.py", line 436, in execute
    self.fetch_command(subcommand).run_from_argv(self.argv)
  File "C:\VS_Code\Camp_programs\Projects\vote_cast\venv\lib\site-packages\django\core\management\__init__.py", line 275, in fetch_command
    klass = load_command_class(app_name, subcommand)
  File "C:\VS_Code\Camp_programs\Projects\vote_cast\venv\lib\site-packages\django\core\management\__init__.py", line 49, in load_command_class
    return module.Command()
AttributeError: module 'voting_sessions.management.commands.send_notifications' has no attribute 'Command'
Script finished at Thu 02/27/2025  9:17:23.13 
Script started at Thu 02/27/2025  9:22:17.68 
Running Python script... 
\U0001f539 Task Scheduler triggered send_notifications.py
Current time: 2025-02-27 08:22:19.931896+00:00, Target time: 2025-02-27 09:22:19.931896+00:00
Found 0 sessions matching condition.
\u2705 Email notifications sent successfully
Traceback (most recent call last):
  File "C:\VS_Code\Camp_programs\Projects\vote_cast\manage.py", line 21, in <module>
    main()
  File "C:\VS_Code\Camp_programs\Projects\vote_cast\manage.py", line 17, in main
    execute_from_command_line(sys.argv)
  File "C:\VS_Code\Camp_programs\Projects\vote_cast\venv\lib\site-packages\django\core\management\__init__.py", line 442, in execute_from_command_line
    utility.execute()
  File "C:\VS_Code\Camp_programs\Projects\vote_cast\venv\lib\site-packages\django\core\management\__init__.py", line 436, in execute
    self.fetch_command(subcommand).run_from_argv(self.argv)
  File "C:\VS_Code\Camp_programs\Projects\vote_cast\venv\lib\site-packages\django\core\management\__init__.py", line 275, in fetch_command
    klass = load_command_class(app_name, subcommand)
  File "C:\VS_Code\Camp_programs\Projects\vote_cast\venv\lib\site-packages\django\core\management\__init__.py", line 49, in load_command_class
    return module.Command()
AttributeError: module 'voting_sessions.management.commands.send_notifications' has no attribute 'Command'
Script finished at Thu 02/27/2025  9:22:20.15 
Script started at Thu 02/27/2025  9:27:17.63 
Running Python script... 
\U0001f539 Task Scheduler triggered send_notifications.py
Current time: 2025-02-27 08:27:19.070843+00:00, Target time: 2025-02-27 09:27:19.070843+00:00
Found 0 sessions matching condition.
\u2705 Email notifications sent successfully
Traceback (most recent call last):
  File "C:\VS_Code\Camp_programs\Projects\vote_cast\manage.py", line 21, in <module>
    main()
  File "C:\VS_Code\Camp_programs\Projects\vote_cast\manage.py", line 17, in main
    execute_from_command_line(sys.argv)
  File "C:\VS_Code\Camp_programs\Projects\vote_cast\venv\lib\site-packages\django\core\management\__init__.py", line 442, in execute_from_command_line
    utility.execute()
  File "C:\VS_Code\Camp_programs\Projects\vote_cast\venv\lib\site-packages\django\core\management\__init__.py", line 436, in execute
    self.fetch_command(subcommand).run_from_argv(self.argv)
  File "C:\VS_Code\Camp_programs\Projects\vote_cast\venv\lib\site-packages\django\core\management\__init__.py", line 275, in fetch_command
    klass = load_command_class(app_name, subcommand)
  File "C:\VS_Code\Camp_programs\Projects\vote_cast\venv\lib\site-packages\django\core\management\__init__.py", line 49, in load_command_class
    return module.Command()
AttributeError: module 'voting_sessions.management.commands.send_notifications' has no attribute 'Command'
Script finished at Thu 02/27/2025  9:27:19.27 
Script started at Thu 02/27/2025  9:32:17.67 
Running Python script... 
\U0001f539 Task Scheduler triggered send_notifications.py
Current time: 2025-02-27 08:32:19.532835+00:00, Target time: 2025-02-27 09:32:19.532835+00:00
Found 0 sessions matching condition.
\u2705 Email notifications sent successfully
Traceback (most recent call last):
  File "C:\VS_Code\Camp_programs\Projects\vote_cast\manage.py", line 21, in <module>
    main()
  File "C:\VS_Code\Camp_programs\Projects\vote_cast\manage.py", line 17, in main
    execute_from_command_line(sys.argv)
  File "C:\VS_Code\Camp_programs\Projects\vote_cast\venv\lib\site-packages\django\core\management\__init__.py", line 442, in execute_from_command_line
    utility.execute()
  File "C:\VS_Code\Camp_programs\Projects\vote_cast\venv\lib\site-packages\django\core\management\__init__.py", line 436, in execute
    self.fetch_command(subcommand).run_from_argv(self.argv)
  File "C:\VS_Code\Camp_programs\Projects\vote_cast\venv\lib\site-packages\django\core\management\__init__.py", line 275, in fetch_command
    klass = load_command_class(app_name, subcommand)
  File "C:\VS_Code\Camp_programs\Projects\vote_cast\venv\lib\site-packages\django\core\management\__init__.py", line 49, in load_command_class
    return module.Command()
AttributeError: module 'voting_sessions.management.commands.send_notifications' has no attribute 'Command'
Script finished at Thu 02/27/2025  9:32:19.67 
Script started at Thu 02/27/2025  9:37:17.87 
Running Python script... 
\U0001f539 Task Scheduler triggered send_notifications.py
Current time: 2025-02-27 08:37:20.908435+00:00, Target time: 2025-02-27 09:37:20.908435+00:00
Found 0 sessions matching condition.
\u2705 Email notifications sent successfully
Traceback (most recent call last):
  File "C:\VS_Code\Camp_programs\Projects\vote_cast\manage.py", line 21, in <module>
    main()
  File "C:\VS_Code\Camp_programs\Projects\vote_cast\manage.py", line 17, in main
    execute_from_command_line(sys.argv)
  File "C:\VS_Code\Camp_programs\Projects\vote_cast\venv\lib\site-packages\django\core\management\__init__.py", line 442, in execute_from_command_line
    utility.execute()
  File "C:\VS_Code\Camp_programs\Projects\vote_cast\venv\lib\site-packages\django\core\management\__init__.py", line 436, in execute
    self.fetch_command(subcommand).run_from_argv(self.argv)
  File "C:\VS_Code\Camp_programs\Projects\vote_cast\venv\lib\site-packages\django\core\management\__init__.py", line 275, in fetch_command
    klass = load_command_class(app_name, subcommand)
  File "C:\VS_Code\Camp_programs\Projects\vote_cast\venv\lib\site-packages\django\core\management\__init__.py", line 49, in load_command_class
    return module.Command()
AttributeError: module 'voting_sessions.management.commands.send_notifications' has no attribute 'Command'
Script finished at Thu 02/27/2025  9:37:21.06 
Script started at Thu 02/27/2025  9:42:17.67 
Running Python script... 
\U0001f539 Task Scheduler triggered send_notifications.py
Current time: 2025-02-27 08:42:19.092738+00:00, Target time: 2025-02-27 09:42:19.092738+00:00
Found 0 sessions matching condition.
\u2705 Email notifications sent successfully
Traceback (most recent call last):
  File "C:\VS_Code\Camp_programs\Projects\vote_cast\manage.py", line 21, in <module>
    main()
  File "C:\VS_Code\Camp_programs\Projects\vote_cast\manage.py", line 17, in main
    execute_from_command_line(sys.argv)
  File "C:\VS_Code\Camp_programs\Projects\vote_cast\venv\lib\site-packages\django\core\management\__init__.py", line 442, in execute_from_command_line
    utility.execute()
  File "C:\VS_Code\Camp_programs\Projects\vote_cast\venv\lib\site-packages\django\core\management\__init__.py", line 436, in execute
    self.fetch_command(subcommand).run_from_argv(self.argv)
  File "C:\VS_Code\Camp_programs\Projects\vote_cast\venv\lib\site-packages\django\core\management\__init__.py", line 275, in fetch_command
    klass = load_command_class(app_name, subcommand)
  File "C:\VS_Code\Camp_programs\Projects\vote_cast\venv\lib\site-packages\django\core\management\__init__.py", line 49, in load_command_class
    return module.Command()
AttributeError: module 'voting_sessions.management.commands.send_notifications' has no attribute 'Command'
Script finished at Thu 02/27/2025  9:42:19.24 
Script started at Thu 02/27/2025  9:45:12.96 
Running Python script... 
\U0001f539 Task Scheduler triggered send_notifications.py
Current time: 2025-02-27 08:45:16.114183+00:00, Target time: 2025-02-27 09:45:16.114183+00:00
Found 0 sessions matching condition.
\u2705 Email notifications sent successfully
Traceback (most recent call last):
  File "C:\VS_Code\Camp_programs\Projects\vote_cast\manage.py", line 21, in <module>
    main()
  File "C:\VS_Code\Camp_programs\Projects\vote_cast\manage.py", line 17, in main
    execute_from_command_line(sys.argv)
  File "C:\VS_Code\Camp_programs\Projects\vote_cast\venv\lib\site-packages\django\core\management\__init__.py", line 442, in execute_from_command_line
    utility.execute()
  File "C:\VS_Code\Camp_programs\Projects\vote_cast\venv\lib\site-packages\django\core\management\__init__.py", line 436, in execute
    self.fetch_command(subcommand).run_from_argv(self.argv)
  File "C:\VS_Code\Camp_programs\Projects\vote_cast\venv\lib\site-packages\django\core\management\__init__.py", line 275, in fetch_command
    klass = load_command_class(app_name, subcommand)
  File "C:\VS_Code\Camp_programs\Projects\vote_cast\venv\lib\site-packages\django\core\management\__init__.py", line 49, in load_command_class
    return module.Command()
AttributeError: module 'voting_sessions.management.commands.send_notifications' has no attribute 'Command'
Script finished at Thu 02/27/2025  9:45:16.36 
Script started at Thu 02/27/2025  9:47:17.67 
Running Python script... 
\U0001f539 Task Scheduler triggered send_notifications.py
Current time: 2025-02-27 08:47:19.096496+00:00, Target time: 2025-02-27 09:47:19.096496+00:00
Found 0 sessions matching condition.
\u2705 Email notifications sent successfully
Traceback (most recent call last):
  File "C:\VS_Code\Camp_programs\Projects\vote_cast\manage.py", line 21, in <module>
    main()
  File "C:\VS_Code\Camp_programs\Projects\vote_cast\manage.py", line 17, in main
    execute_from_command_line(sys.argv)
  File "C:\VS_Code\Camp_programs\Projects\vote_cast\venv\lib\site-packages\django\core\management\__init__.py", line 442, in execute_from_command_line
    utility.execute()
  File "C:\VS_Code\Camp_programs\Projects\vote_cast\venv\lib\site-packages\django\core\management\__init__.py", line 436, in execute
    self.fetch_command(subcommand).run_from_argv(self.argv)
  File "C:\VS_Code\Camp_programs\Projects\vote_cast\venv\lib\site-packages\django\core\management\__init__.py", line 275, in fetch_command
    klass = load_command_class(app_name, subcommand)
  File "C:\VS_Code\Camp_programs\Projects\vote_cast\venv\lib\site-packages\django\core\management\__init__.py", line 49, in load_command_class
    return module.Command()
AttributeError: module 'voting_sessions.management.commands.send_notifications' has no attribute 'Command'
Script finished at Thu 02/27/2025  9:47:19.25 
Script started at Thu 02/27/2025  9:52:17.69 
Running Python script... 
\U0001f539 Task Scheduler triggered send_notifications.py
Current time: 2025-02-27 08:52:19.132167+00:00, Target time: 2025-02-27 09:52:19.132167+00:00
Found 0 sessions matching condition.
\u2705 Email notifications sent successfully
Traceback (most recent call last):
  File "C:\VS_Code\Camp_programs\Projects\vote_cast\manage.py", line 21, in <module>
    main()
  File "C:\VS_Code\Camp_programs\Projects\vote_cast\manage.py", line 17, in main
    execute_from_command_line(sys.argv)
  File "C:\VS_Code\Camp_programs\Projects\vote_cast\venv\lib\site-packages\django\core\management\__init__.py", line 442, in execute_from_command_line
    utility.execute()
  File "C:\VS_Code\Camp_programs\Projects\vote_cast\venv\lib\site-packages\django\core\management\__init__.py", line 436, in execute
    self.fetch_command(subcommand).run_from_argv(self.argv)
  File "C:\VS_Code\Camp_programs\Projects\vote_cast\venv\lib\site-packages\django\core\management\__init__.py", line 275, in fetch_command
    klass = load_command_class(app_name, subcommand)
  File "C:\VS_Code\Camp_programs\Projects\vote_cast\venv\lib\site-packages\django\core\management\__init__.py", line 49, in load_command_class
    return module.Command()
AttributeError: module 'voting_sessions.management.commands.send_notifications' has no attribute 'Command'
Script finished at Thu 02/27/2025  9:52:19.27 
Script started at Thu 02/27/2025  9:57:17.69 
Running Python script... 
\U0001f539 Task Scheduler triggered send_notifications.py
Current time: 2025-02-27 08:57:19.536132+00:00, Target time: 2025-02-27 09:57:19.536132+00:00
Found 0 sessions matching condition.
\u2705 Email notifications sent successfully
Traceback (most recent call last):
  File "C:\VS_Code\Camp_programs\Projects\vote_cast\manage.py", line 21, in <module>
    main()
  File "C:\VS_Code\Camp_programs\Projects\vote_cast\manage.py", line 17, in main
    execute_from_command_line(sys.argv)
  File "C:\VS_Code\Camp_programs\Projects\vote_cast\venv\lib\site-packages\django\core\management\__init__.py", line 442, in execute_from_command_line
    utility.execute()
  File "C:\VS_Code\Camp_programs\Projects\vote_cast\venv\lib\site-packages\django\core\management\__init__.py", line 436, in execute
    self.fetch_command(subcommand).run_from_argv(self.argv)
  File "C:\VS_Code\Camp_programs\Projects\vote_cast\venv\lib\site-packages\django\core\management\__init__.py", line 275, in fetch_command
    klass = load_command_class(app_name, subcommand)
  File "C:\VS_Code\Camp_programs\Projects\vote_cast\venv\lib\site-packages\django\core\management\__init__.py", line 49, in load_command_class
    return module.Command()
AttributeError: module 'voting_sessions.management.commands.send_notifications' has no attribute 'Command'
Script finished at Thu 02/27/2025  9:57:19.75 
Script started at Thu 02/27/2025 10:02:18.58 
Running Python script... 
\U0001f539 Task Scheduler triggered send_notifications.py
Current time: 2025-02-27 09:02:20.722308+00:00, Target time: 2025-02-27 10:02:20.722308+00:00
Found 0 sessions matching condition.
\u2705 Email notifications sent successfully
Traceback (most recent call last):
  File "C:\VS_Code\Camp_programs\Projects\vote_cast\manage.py", line 21, in <module>
    main()
  File "C:\VS_Code\Camp_programs\Projects\vote_cast\manage.py", line 17, in main
    execute_from_command_line(sys.argv)
  File "C:\VS_Code\Camp_programs\Projects\vote_cast\venv\lib\site-packages\django\core\management\__init__.py", line 442, in execute_from_command_line
    utility.execute()
  File "C:\VS_Code\Camp_programs\Projects\vote_cast\venv\lib\site-packages\django\core\management\__init__.py", line 436, in execute
    self.fetch_command(subcommand).run_from_argv(self.argv)
  File "C:\VS_Code\Camp_programs\Projects\vote_cast\venv\lib\site-packages\django\core\management\__init__.py", line 275, in fetch_command
    klass = load_command_class(app_name, subcommand)
  File "C:\VS_Code\Camp_programs\Projects\vote_cast\venv\lib\site-packages\django\core\management\__init__.py", line 49, in load_command_class
    return module.Command()
AttributeError: module 'voting_sessions.management.commands.send_notifications' has no attribute 'Command'
Script finished at Thu 02/27/2025 10:02:20.94 
Script started at Thu 02/27/2025 10:07:17.73 
Running Python script... 
\U0001f539 Task Scheduler triggered send_notifications.py
Current time: 2025-02-27 09:07:21.176357+00:00, Target time: 2025-02-27 10:07:21.176357+00:00
Found 0 sessions matching condition.
\u2705 Email notifications sent successfully
Traceback (most recent call last):
  File "C:\VS_Code\Camp_programs\Projects\vote_cast\manage.py", line 21, in <module>
    main()
  File "C:\VS_Code\Camp_programs\Projects\vote_cast\manage.py", line 17, in main
    execute_from_command_line(sys.argv)
  File "C:\VS_Code\Camp_programs\Projects\vote_cast\venv\lib\site-packages\django\core\management\__init__.py", line 442, in execute_from_command_line
    utility.execute()
  File "C:\VS_Code\Camp_programs\Projects\vote_cast\venv\lib\site-packages\django\core\management\__init__.py", line 436, in execute
    self.fetch_command(subcommand).run_from_argv(self.argv)
  File "C:\VS_Code\Camp_programs\Projects\vote_cast\venv\lib\site-packages\django\core\management\__init__.py", line 275, in fetch_command
    klass = load_command_class(app_name, subcommand)
  File "C:\VS_Code\Camp_programs\Projects\vote_cast\venv\lib\site-packages\django\core\management\__init__.py", line 49, in load_command_class
    return module.Command()
AttributeError: module 'voting_sessions.management.commands.send_notifications' has no attribute 'Command'
Script finished at Thu 02/27/2025 10:07:21.37 
Script started at Thu 02/27/2025 10:09:20.37 
Running Python script... 
\U0001f539 Task Scheduler triggered send_notifications.py
Current time: 2025-02-27 09:09:23.768188+00:00, Target time: 2025-02-27 10:09:23.768188+00:00
Found 0 sessions matching condition.
\u2705 Email notifications sent successfully
Traceback (most recent call last):
  File "C:\VS_Code\Camp_programs\Projects\vote_cast\manage.py", line 21, in <module>
    main()
  File "C:\VS_Code\Camp_programs\Projects\vote_cast\manage.py", line 17, in main
    execute_from_command_line(sys.argv)
  File "C:\VS_Code\Camp_programs\Projects\vote_cast\venv\lib\site-packages\django\core\management\__init__.py", line 442, in execute_from_command_line
    utility.execute()
  File "C:\VS_Code\Camp_programs\Projects\vote_cast\venv\lib\site-packages\django\core\management\__init__.py", line 436, in execute
    self.fetch_command(subcommand).run_from_argv(self.argv)
  File "C:\VS_Code\Camp_programs\Projects\vote_cast\venv\lib\site-packages\django\core\management\__init__.py", line 275, in fetch_command
    klass = load_command_class(app_name, subcommand)
  File "C:\VS_Code\Camp_programs\Projects\vote_cast\venv\lib\site-packages\django\core\management\__init__.py", line 49, in load_command_class
    return module.Command()
AttributeError: module 'voting_sessions.management.commands.send_notifications' has no attribute 'Command'
Script finished at Thu 02/27/2025 10:09:24.03 
Script started at Thu 02/27/2025 10:12:18.87 
Running Python script... 
\U0001f539 Task Scheduler triggered send_notifications.py
Current time: 2025-02-27 09:12:20.674884+00:00, Target time: 2025-02-27 10:12:20.674884+00:00
Found 0 sessions matching condition.
\u2705 Email notifications sent successfully
Traceback (most recent call last):
  File "C:\VS_Code\Camp_programs\Projects\vote_cast\manage.py", line 21, in <module>
    main()
  File "C:\VS_Code\Camp_programs\Projects\vote_cast\manage.py", line 17, in main
    execute_from_command_line(sys.argv)
  File "C:\VS_Code\Camp_programs\Projects\vote_cast\venv\lib\site-packages\django\core\management\__init__.py", line 442, in execute_from_command_line
    utility.execute()
  File "C:\VS_Code\Camp_programs\Projects\vote_cast\venv\lib\site-packages\django\core\management\__init__.py", line 436, in execute
    self.fetch_command(subcommand).run_from_argv(self.argv)
  File "C:\VS_Code\Camp_programs\Projects\vote_cast\venv\lib\site-packages\django\core\management\__init__.py", line 275, in fetch_command
    klass = load_command_class(app_name, subcommand)
  File "C:\VS_Code\Camp_programs\Projects\vote_cast\venv\lib\site-packages\django\core\management\__init__.py", line 49, in load_command_class
    return module.Command()
AttributeError: module 'voting_sessions.management.commands.send_notifications' has no attribute 'Command'
Script finished at Thu 02/27/2025 10:12:20.94 
Script started at Thu 02/27/2025 10:17:18.17 
Running Python script... 
\U0001f539 Task Scheduler triggered send_notifications.py
Current time: 2025-02-27 09:17:20.161731+00:00, Target time: 2025-02-27 10:17:20.161731+00:00
Found 0 sessions matching condition.
\u2705 Email notifications sent successfully
Traceback (most recent call last):
  File "C:\VS_Code\Camp_programs\Projects\vote_cast\manage.py", line 21, in <module>
    main()
  File "C:\VS_Code\Camp_programs\Projects\vote_cast\manage.py", line 17, in main
    execute_from_command_line(sys.argv)
  File "C:\VS_Code\Camp_programs\Projects\vote_cast\venv\lib\site-packages\django\core\management\__init__.py", line 442, in execute_from_command_line
    utility.execute()
  File "C:\VS_Code\Camp_programs\Projects\vote_cast\venv\lib\site-packages\django\core\management\__init__.py", line 436, in execute
    self.fetch_command(subcommand).run_from_argv(self.argv)
  File "C:\VS_Code\Camp_programs\Projects\vote_cast\venv\lib\site-packages\django\core\management\__init__.py", line 275, in fetch_command
    klass = load_command_class(app_name, subcommand)
  File "C:\VS_Code\Camp_programs\Projects\vote_cast\venv\lib\site-packages\django\core\management\__init__.py", line 49, in load_command_class
    return module.Command()
AttributeError: module 'voting_sessions.management.commands.send_notifications' has no attribute 'Command'
Script finished at Thu 02/27/2025 10:17:20.44 
Script started at Thu 02/27/2025 10:23:01.02 
Running Python script... 
\U0001f539 Task Scheduler triggered send_notifications.py
Current time: 2025-02-27 09:23:19.671095+00:00, Target time: 2025-02-27 10:23:19.671095+00:00
Found 0 sessions matching condition.
\u2705 Email notifications sent successfully
Traceback (most recent call last):
  File "C:\VS_Code\Camp_programs\Projects\vote_cast\manage.py", line 21, in <module>
    main()
  File "C:\VS_Code\Camp_programs\Projects\vote_cast\manage.py", line 17, in main
    execute_from_command_line(sys.argv)
  File "C:\VS_Code\Camp_programs\Projects\vote_cast\venv\lib\site-packages\django\core\management\__init__.py", line 442, in execute_from_command_line
    utility.execute()
  File "C:\VS_Code\Camp_programs\Projects\vote_cast\venv\lib\site-packages\django\core\management\__init__.py", line 436, in execute
    self.fetch_command(subcommand).run_from_argv(self.argv)
  File "C:\VS_Code\Camp_programs\Projects\vote_cast\venv\lib\site-packages\django\core\management\__init__.py", line 275, in fetch_command
    klass = load_command_class(app_name, subcommand)
  File "C:\VS_Code\Camp_programs\Projects\vote_cast\venv\lib\site-packages\django\core\management\__init__.py", line 49, in load_command_class
    return module.Command()
AttributeError: module 'voting_sessions.management.commands.send_notifications' has no attribute 'Command'
Script finished at Thu 02/27/2025 10:23:20.27 
Script started at Thu 02/27/2025 10:27:17.30 
Running Python script... 
\U0001f539 Task Scheduler triggered send_notifications.py
Current time: 2025-02-27 09:27:19.285829+00:00, Target time: 2025-02-27 10:27:19.285829+00:00
Found 0 sessions matching condition.
\u2705 Email notifications sent successfully
Traceback (most recent call last):
  File "C:\VS_Code\Camp_programs\Projects\vote_cast\manage.py", line 21, in <module>
    main()
  File "C:\VS_Code\Camp_programs\Projects\vote_cast\manage.py", line 17, in main
    execute_from_command_line(sys.argv)
  File "C:\VS_Code\Camp_programs\Projects\vote_cast\venv\lib\site-packages\django\core\management\__init__.py", line 442, in execute_from_command_line
    utility.execute()
  File "C:\VS_Code\Camp_programs\Projects\vote_cast\venv\lib\site-packages\django\core\management\__init__.py", line 436, in execute
    self.fetch_command(subcommand).run_from_argv(self.argv)
  File "C:\VS_Code\Camp_programs\Projects\vote_cast\venv\lib\site-packages\django\core\management\__init__.py", line 275, in fetch_command
    klass = load_command_class(app_name, subcommand)
  File "C:\VS_Code\Camp_programs\Projects\vote_cast\venv\lib\site-packages\django\core\management\__init__.py", line 49, in load_command_class
    return module.Command()
AttributeError: module 'voting_sessions.management.commands.send_notifications' has no attribute 'Command'
Script finished at Thu 02/27/2025 10:27:19.42 
Script started at Thu 02/27/2025 10:32:17.25 
Running Python script... 
\U0001f539 Task Scheduler triggered send_notifications.py
Current time: 2025-02-27 09:32:18.706529+00:00, Target time: 2025-02-27 10:32:18.706529+00:00
Found 0 sessions matching condition.
\u2705 Email notifications sent successfully
Traceback (most recent call last):
  File "C:\VS_Code\Camp_programs\Projects\vote_cast\manage.py", line 21, in <module>
    main()
  File "C:\VS_Code\Camp_programs\Projects\vote_cast\manage.py", line 17, in main
    execute_from_command_line(sys.argv)
  File "C:\VS_Code\Camp_programs\Projects\vote_cast\venv\lib\site-packages\django\core\management\__init__.py", line 442, in execute_from_command_line
    utility.execute()
  File "C:\VS_Code\Camp_programs\Projects\vote_cast\venv\lib\site-packages\django\core\management\__init__.py", line 436, in execute
    self.fetch_command(subcommand).run_from_argv(self.argv)
  File "C:\VS_Code\Camp_programs\Projects\vote_cast\venv\lib\site-packages\django\core\management\__init__.py", line 275, in fetch_command
    klass = load_command_class(app_name, subcommand)
  File "C:\VS_Code\Camp_programs\Projects\vote_cast\venv\lib\site-packages\django\core\management\__init__.py", line 49, in load_command_class
    return module.Command()
AttributeError: module 'voting_sessions.management.commands.send_notifications' has no attribute 'Command'
Script finished at Thu 02/27/2025 10:32:18.84 
Script started at Thu 02/27/2025 10:37:17.25 
Running Python script... 
\U0001f539 Task Scheduler triggered send_notifications.py
Current time: 2025-02-27 09:37:18.708205+00:00, Target time: 2025-02-27 10:37:18.708205+00:00
Found 0 sessions matching condition.
\u2705 Email notifications sent successfully
Traceback (most recent call last):
  File "C:\VS_Code\Camp_programs\Projects\vote_cast\manage.py", line 21, in <module>
    main()
  File "C:\VS_Code\Camp_programs\Projects\vote_cast\manage.py", line 17, in main
    execute_from_command_line(sys.argv)
  File "C:\VS_Code\Camp_programs\Projects\vote_cast\venv\lib\site-packages\django\core\management\__init__.py", line 442, in execute_from_command_line
    utility.execute()
  File "C:\VS_Code\Camp_programs\Projects\vote_cast\venv\lib\site-packages\django\core\management\__init__.py", line 436, in execute
    self.fetch_command(subcommand).run_from_argv(self.argv)
  File "C:\VS_Code\Camp_programs\Projects\vote_cast\venv\lib\site-packages\django\core\management\__init__.py", line 275, in fetch_command
    klass = load_command_class(app_name, subcommand)
  File "C:\VS_Code\Camp_programs\Projects\vote_cast\venv\lib\site-packages\django\core\management\__init__.py", line 49, in load_command_class
    return module.Command()
AttributeError: module 'voting_sessions.management.commands.send_notifications' has no attribute 'Command'
Script finished at Thu 02/27/2025 10:37:18.91 
Script started at Thu 02/27/2025 10:42:17.27 
Running Python script... 
\U0001f539 Task Scheduler triggered send_notifications.py
Current time: 2025-02-27 09:42:18.763058+00:00, Target time: 2025-02-27 10:42:18.763058+00:00
Found 0 sessions matching condition.
\u2705 Email notifications sent successfully
Traceback (most recent call last):
  File "C:\VS_Code\Camp_programs\Projects\vote_cast\manage.py", line 21, in <module>
    main()
  File "C:\VS_Code\Camp_programs\Projects\vote_cast\manage.py", line 17, in main
    execute_from_command_line(sys.argv)
  File "C:\VS_Code\Camp_programs\Projects\vote_cast\venv\lib\site-packages\django\core\management\__init__.py", line 442, in execute_from_command_line
    utility.execute()
  File "C:\VS_Code\Camp_programs\Projects\vote_cast\venv\lib\site-packages\django\core\management\__init__.py", line 436, in execute
    self.fetch_command(subcommand).run_from_argv(self.argv)
  File "C:\VS_Code\Camp_programs\Projects\vote_cast\venv\lib\site-packages\django\core\management\__init__.py", line 275, in fetch_command
    klass = load_command_class(app_name, subcommand)
  File "C:\VS_Code\Camp_programs\Projects\vote_cast\venv\lib\site-packages\django\core\management\__init__.py", line 49, in load_command_class
    return module.Command()
AttributeError: module 'voting_sessions.management.commands.send_notifications' has no attribute 'Command'
Script finished at Thu 02/27/2025 10:42:18.91 
Script started at Thu 02/27/2025 10:47:17.27 
Running Python script... 
\U0001f539 Task Scheduler triggered send_notifications.py
Current time: 2025-02-27 09:47:19.122821+00:00, Target time: 2025-02-27 10:47:19.122821+00:00
Found 0 sessions matching condition.
\u2705 Email notifications sent successfully
Traceback (most recent call last):
  File "C:\VS_Code\Camp_programs\Projects\vote_cast\manage.py", line 21, in <module>
    main()
  File "C:\VS_Code\Camp_programs\Projects\vote_cast\manage.py", line 17, in main
    execute_from_command_line(sys.argv)
  File "C:\VS_Code\Camp_programs\Projects\vote_cast\venv\lib\site-packages\django\core\management\__init__.py", line 442, in execute_from_command_line
    utility.execute()
  File "C:\VS_Code\Camp_programs\Projects\vote_cast\venv\lib\site-packages\django\core\management\__init__.py", line 436, in execute
    self.fetch_command(subcommand).run_from_argv(self.argv)
  File "C:\VS_Code\Camp_programs\Projects\vote_cast\venv\lib\site-packages\django\core\management\__init__.py", line 275, in fetch_command
    klass = load_command_class(app_name, subcommand)
  File "C:\VS_Code\Camp_programs\Projects\vote_cast\venv\lib\site-packages\django\core\management\__init__.py", line 49, in load_command_class
    return module.Command()
AttributeError: module 'voting_sessions.management.commands.send_notifications' has no attribute 'Command'
Script finished at Thu 02/27/2025 10:47:19.42 
Script started at Thu 02/27/2025 10:52:17.29 
Running Python script... 
\U0001f539 Task Scheduler triggered send_notifications.py
Current time: 2025-02-27 09:52:18.737949+00:00, Target time: 2025-02-27 10:52:18.737949+00:00
Found 0 sessions matching condition.
\u2705 Email notifications sent successfully
Traceback (most recent call last):
  File "C:\VS_Code\Camp_programs\Projects\vote_cast\manage.py", line 21, in <module>
    main()
  File "C:\VS_Code\Camp_programs\Projects\vote_cast\manage.py", line 17, in main
    execute_from_command_line(sys.argv)
  File "C:\VS_Code\Camp_programs\Projects\vote_cast\venv\lib\site-packages\django\core\management\__init__.py", line 442, in execute_from_command_line
    utility.execute()
  File "C:\VS_Code\Camp_programs\Projects\vote_cast\venv\lib\site-packages\django\core\management\__init__.py", line 436, in execute
    self.fetch_command(subcommand).run_from_argv(self.argv)
  File "C:\VS_Code\Camp_programs\Projects\vote_cast\venv\lib\site-packages\django\core\management\__init__.py", line 275, in fetch_command
    klass = load_command_class(app_name, subcommand)
  File "C:\VS_Code\Camp_programs\Projects\vote_cast\venv\lib\site-packages\django\core\management\__init__.py", line 49, in load_command_class
    return module.Command()
AttributeError: module 'voting_sessions.management.commands.send_notifications' has no attribute 'Command'
Script finished at Thu 02/27/2025 10:52:18.88 
Script started at Thu 02/27/2025 10:57:17.35 
Running Python script... 
\U0001f539 Task Scheduler triggered send_notifications.py
Current time: 2025-02-27 09:57:20.455505+00:00, Target time: 2025-02-27 10:57:20.455505+00:00
Found 0 sessions matching condition.
\u2705 Email notifications sent successfully
Traceback (most recent call last):
  File "C:\VS_Code\Camp_programs\Projects\vote_cast\manage.py", line 21, in <module>
    main()
  File "C:\VS_Code\Camp_programs\Projects\vote_cast\manage.py", line 17, in main
    execute_from_command_line(sys.argv)
  File "C:\VS_Code\Camp_programs\Projects\vote_cast\venv\lib\site-packages\django\core\management\__init__.py", line 442, in execute_from_command_line
    utility.execute()
  File "C:\VS_Code\Camp_programs\Projects\vote_cast\venv\lib\site-packages\django\core\management\__init__.py", line 436, in execute
    self.fetch_command(subcommand).run_from_argv(self.argv)
  File "C:\VS_Code\Camp_programs\Projects\vote_cast\venv\lib\site-packages\django\core\management\__init__.py", line 275, in fetch_command
    klass = load_command_class(app_name, subcommand)
  File "C:\VS_Code\Camp_programs\Projects\vote_cast\venv\lib\site-packages\django\core\management\__init__.py", line 49, in load_command_class
    return module.Command()
AttributeError: module 'voting_sessions.management.commands.send_notifications' has no attribute 'Command'
Script finished at Thu 02/27/2025 10:57:20.61 
Script started at Thu 02/27/2025 11:02:17.31 
Running Python script... 
\U0001f539 Task Scheduler triggered send_notifications.py
Current time: 2025-02-27 10:02:18.849714+00:00, Target time: 2025-02-27 11:02:18.849714+00:00
Found 0 sessions matching condition.
\u2705 Email notifications sent successfully
Traceback (most recent call last):
  File "C:\VS_Code\Camp_programs\Projects\vote_cast\manage.py", line 21, in <module>
    main()
  File "C:\VS_Code\Camp_programs\Projects\vote_cast\manage.py", line 17, in main
    execute_from_command_line(sys.argv)
  File "C:\VS_Code\Camp_programs\Projects\vote_cast\venv\lib\site-packages\django\core\management\__init__.py", line 442, in execute_from_command_line
    utility.execute()
  File "C:\VS_Code\Camp_programs\Projects\vote_cast\venv\lib\site-packages\django\core\management\__init__.py", line 436, in execute
    self.fetch_command(subcommand).run_from_argv(self.argv)
  File "C:\VS_Code\Camp_programs\Projects\vote_cast\venv\lib\site-packages\django\core\management\__init__.py", line 275, in fetch_command
    klass = load_command_class(app_name, subcommand)
  File "C:\VS_Code\Camp_programs\Projects\vote_cast\venv\lib\site-packages\django\core\management\__init__.py", line 49, in load_command_class
    return module.Command()
AttributeError: module 'voting_sessions.management.commands.send_notifications' has no attribute 'Command'
Script finished at Thu 02/27/2025 11:02:19.00 
Script started at Thu 02/27/2025 11:07:17.30 
Running Python script... 
\U0001f539 Task Scheduler triggered send_notifications.py
Current time: 2025-02-27 10:07:18.807690+00:00, Target time: 2025-02-27 11:07:18.807690+00:00
Found 0 sessions matching condition.
\u2705 Email notifications sent successfully
Traceback (most recent call last):
  File "C:\VS_Code\Camp_programs\Projects\vote_cast\manage.py", line 21, in <module>
    main()
  File "C:\VS_Code\Camp_programs\Projects\vote_cast\manage.py", line 17, in main
    execute_from_command_line(sys.argv)
  File "C:\VS_Code\Camp_programs\Projects\vote_cast\venv\lib\site-packages\django\core\management\__init__.py", line 442, in execute_from_command_line
    utility.execute()
  File "C:\VS_Code\Camp_programs\Projects\vote_cast\venv\lib\site-packages\django\core\management\__init__.py", line 436, in execute
    self.fetch_command(subcommand).run_from_argv(self.argv)
  File "C:\VS_Code\Camp_programs\Projects\vote_cast\venv\lib\site-packages\django\core\management\__init__.py", line 275, in fetch_command
    klass = load_command_class(app_name, subcommand)
  File "C:\VS_Code\Camp_programs\Projects\vote_cast\venv\lib\site-packages\django\core\management\__init__.py", line 49, in load_command_class
    return module.Command()
AttributeError: module 'voting_sessions.management.commands.send_notifications' has no attribute 'Command'
Script finished at Thu 02/27/2025 11:07:18.94 
Script started at Thu 02/27/2025 11:12:17.30 
Running Python script... 
\U0001f539 Task Scheduler triggered send_notifications.py
Current time: 2025-02-27 10:12:18.816765+00:00, Target time: 2025-02-27 11:12:18.816765+00:00
Found 0 sessions matching condition.
\u2705 Email notifications sent successfully
Traceback (most recent call last):
  File "C:\VS_Code\Camp_programs\Projects\vote_cast\manage.py", line 21, in <module>
    main()
  File "C:\VS_Code\Camp_programs\Projects\vote_cast\manage.py", line 17, in main
    execute_from_command_line(sys.argv)
  File "C:\VS_Code\Camp_programs\Projects\vote_cast\venv\lib\site-packages\django\core\management\__init__.py", line 442, in execute_from_command_line
    utility.execute()
  File "C:\VS_Code\Camp_programs\Projects\vote_cast\venv\lib\site-packages\django\core\management\__init__.py", line 436, in execute
    self.fetch_command(subcommand).run_from_argv(self.argv)
  File "C:\VS_Code\Camp_programs\Projects\vote_cast\venv\lib\site-packages\django\core\management\__init__.py", line 275, in fetch_command
    klass = load_command_class(app_name, subcommand)
  File "C:\VS_Code\Camp_programs\Projects\vote_cast\venv\lib\site-packages\django\core\management\__init__.py", line 49, in load_command_class
    return module.Command()
AttributeError: module 'voting_sessions.management.commands.send_notifications' has no attribute 'Command'
Script finished at Thu 02/27/2025 11:12:18.95 
Script started at Thu 02/27/2025 11:17:17.35 
Running Python script... 
\U0001f539 Task Scheduler triggered send_notifications.py
Current time: 2025-02-27 10:17:18.966428+00:00, Target time: 2025-02-27 11:17:18.966428+00:00
Found 0 sessions matching condition.
\u2705 Email notifications sent successfully
Traceback (most recent call last):
  File "C:\VS_Code\Camp_programs\Projects\vote_cast\manage.py", line 21, in <module>
    main()
  File "C:\VS_Code\Camp_programs\Projects\vote_cast\manage.py", line 17, in main
    execute_from_command_line(sys.argv)
  File "C:\VS_Code\Camp_programs\Projects\vote_cast\venv\lib\site-packages\django\core\management\__init__.py", line 442, in execute_from_command_line
    utility.execute()
  File "C:\VS_Code\Camp_programs\Projects\vote_cast\venv\lib\site-packages\django\core\management\__init__.py", line 436, in execute
    self.fetch_command(subcommand).run_from_argv(self.argv)
  File "C:\VS_Code\Camp_programs\Projects\vote_cast\venv\lib\site-packages\django\core\management\__init__.py", line 275, in fetch_command
    klass = load_command_class(app_name, subcommand)
  File "C:\VS_Code\Camp_programs\Projects\vote_cast\venv\lib\site-packages\django\core\management\__init__.py", line 49, in load_command_class
    return module.Command()
AttributeError: module 'voting_sessions.management.commands.send_notifications' has no attribute 'Command'
Script finished at Thu 02/27/2025 11:17:19.12 
Script started at Thu 02/27/2025 11:22:17.30 
Running Python script... 
\U0001f539 Task Scheduler triggered send_notifications.py
Current time: 2025-02-27 10:22:19.013035+00:00, Target time: 2025-02-27 11:22:19.013035+00:00
Found 0 sessions matching condition.
\u2705 Email notifications sent successfully
Traceback (most recent call last):
  File "C:\VS_Code\Camp_programs\Projects\vote_cast\manage.py", line 21, in <module>
    main()
  File "C:\VS_Code\Camp_programs\Projects\vote_cast\manage.py", line 17, in main
    execute_from_command_line(sys.argv)
  File "C:\VS_Code\Camp_programs\Projects\vote_cast\venv\lib\site-packages\django\core\management\__init__.py", line 442, in execute_from_command_line
    utility.execute()
  File "C:\VS_Code\Camp_programs\Projects\vote_cast\venv\lib\site-packages\django\core\management\__init__.py", line 436, in execute
    self.fetch_command(subcommand).run_from_argv(self.argv)
  File "C:\VS_Code\Camp_programs\Projects\vote_cast\venv\lib\site-packages\django\core\management\__init__.py", line 275, in fetch_command
    klass = load_command_class(app_name, subcommand)
  File "C:\VS_Code\Camp_programs\Projects\vote_cast\venv\lib\site-packages\django\core\management\__init__.py", line 49, in load_command_class
    return module.Command()
AttributeError: module 'voting_sessions.management.commands.send_notifications' has no attribute 'Command'
Script finished at Thu 02/27/2025 11:22:19.17 
Script started at Thu 02/27/2025 11:27:17.30 
Running Python script... 
\U0001f539 Task Scheduler triggered send_notifications.py
Current time: 2025-02-27 10:27:18.873009+00:00, Target time: 2025-02-27 11:27:18.873009+00:00
Found 0 sessions matching condition.
\u2705 Email notifications sent successfully
Traceback (most recent call last):
  File "C:\VS_Code\Camp_programs\Projects\vote_cast\manage.py", line 21, in <module>
    main()
  File "C:\VS_Code\Camp_programs\Projects\vote_cast\manage.py", line 17, in main
    execute_from_command_line(sys.argv)
  File "C:\VS_Code\Camp_programs\Projects\vote_cast\venv\lib\site-packages\django\core\management\__init__.py", line 442, in execute_from_command_line
    utility.execute()
  File "C:\VS_Code\Camp_programs\Projects\vote_cast\venv\lib\site-packages\django\core\management\__init__.py", line 436, in execute
    self.fetch_command(subcommand).run_from_argv(self.argv)
  File "C:\VS_Code\Camp_programs\Projects\vote_cast\venv\lib\site-packages\django\core\management\__init__.py", line 275, in fetch_command
    klass = load_command_class(app_name, subcommand)
  File "C:\VS_Code\Camp_programs\Projects\vote_cast\venv\lib\site-packages\django\core\management\__init__.py", line 49, in load_command_class
    return module.Command()
AttributeError: module 'voting_sessions.management.commands.send_notifications' has no attribute 'Command'
Script finished at Thu 02/27/2025 11:27:19.03 
Script started at Thu 02/27/2025 11:32:17.31 
Running Python script... 
\U0001f539 Task Scheduler triggered send_notifications.py
Current time: 2025-02-27 10:32:18.997992+00:00, Target time: 2025-02-27 11:32:18.997992+00:00
Found 0 sessions matching condition.
\u2705 Email notifications sent successfully
Traceback (most recent call last):
  File "C:\VS_Code\Camp_programs\Projects\vote_cast\manage.py", line 21, in <module>
    main()
  File "C:\VS_Code\Camp_programs\Projects\vote_cast\manage.py", line 17, in main
    execute_from_command_line(sys.argv)
  File "C:\VS_Code\Camp_programs\Projects\vote_cast\venv\lib\site-packages\django\core\management\__init__.py", line 442, in execute_from_command_line
    utility.execute()
  File "C:\VS_Code\Camp_programs\Projects\vote_cast\venv\lib\site-packages\django\core\management\__init__.py", line 436, in execute
    self.fetch_command(subcommand).run_from_argv(self.argv)
  File "C:\VS_Code\Camp_programs\Projects\vote_cast\venv\lib\site-packages\django\core\management\__init__.py", line 275, in fetch_command
    klass = load_command_class(app_name, subcommand)
  File "C:\VS_Code\Camp_programs\Projects\vote_cast\venv\lib\site-packages\django\core\management\__init__.py", line 49, in load_command_class
    return module.Command()
AttributeError: module 'voting_sessions.management.commands.send_notifications' has no attribute 'Command'
Script finished at Thu 02/27/2025 11:32:19.18 
Script started at Thu 02/27/2025 11:37:17.35 
Running Python script... 
\U0001f539 Task Scheduler triggered send_notifications.py
Current time: 2025-02-27 10:37:19.046146+00:00, Target time: 2025-02-27 11:37:19.046146+00:00
Found 0 sessions matching condition.
\u2705 Email notifications sent successfully
Traceback (most recent call last):
  File "C:\VS_Code\Camp_programs\Projects\vote_cast\manage.py", line 21, in <module>
    main()
  File "C:\VS_Code\Camp_programs\Projects\vote_cast\manage.py", line 17, in main
    execute_from_command_line(sys.argv)
  File "C:\VS_Code\Camp_programs\Projects\vote_cast\venv\lib\site-packages\django\core\management\__init__.py", line 442, in execute_from_command_line
    utility.execute()
  File "C:\VS_Code\Camp_programs\Projects\vote_cast\venv\lib\site-packages\django\core\management\__init__.py", line 436, in execute
    self.fetch_command(subcommand).run_from_argv(self.argv)
  File "C:\VS_Code\Camp_programs\Projects\vote_cast\venv\lib\site-packages\django\core\management\__init__.py", line 275, in fetch_command
    klass = load_command_class(app_name, subcommand)
  File "C:\VS_Code\Camp_programs\Projects\vote_cast\venv\lib\site-packages\django\core\management\__init__.py", line 49, in load_command_class
    return module.Command()
AttributeError: module 'voting_sessions.management.commands.send_notifications' has no attribute 'Command'
Script finished at Thu 02/27/2025 11:37:19.18 
Script started at Thu 02/27/2025 11:42:17.34 
Running Python script... 
\U0001f539 Task Scheduler triggered send_notifications.py
Current time: 2025-02-27 10:42:20.185934+00:00, Target time: 2025-02-27 11:42:20.185934+00:00
Found 0 sessions matching condition.
\u2705 Email notifications sent successfully
Traceback (most recent call last):
  File "C:\VS_Code\Camp_programs\Projects\vote_cast\manage.py", line 21, in <module>
    main()
  File "C:\VS_Code\Camp_programs\Projects\vote_cast\manage.py", line 17, in main
    execute_from_command_line(sys.argv)
  File "C:\VS_Code\Camp_programs\Projects\vote_cast\venv\lib\site-packages\django\core\management\__init__.py", line 442, in execute_from_command_line
    utility.execute()
  File "C:\VS_Code\Camp_programs\Projects\vote_cast\venv\lib\site-packages\django\core\management\__init__.py", line 436, in execute
    self.fetch_command(subcommand).run_from_argv(self.argv)
  File "C:\VS_Code\Camp_programs\Projects\vote_cast\venv\lib\site-packages\django\core\management\__init__.py", line 275, in fetch_command
    klass = load_command_class(app_name, subcommand)
  File "C:\VS_Code\Camp_programs\Projects\vote_cast\venv\lib\site-packages\django\core\management\__init__.py", line 49, in load_command_class
    return module.Command()
AttributeError: module 'voting_sessions.management.commands.send_notifications' has no attribute 'Command'
Script finished at Thu 02/27/2025 11:42:20.37 
Script started at Thu 02/27/2025 11:52:21.91 
Running Python script... 
\U0001f539 Task Scheduler triggered send_notifications.py
Current time: 2025-02-27 10:52:28.428600+00:00, Target time: 2025-02-27 11:52:28.428600+00:00
Found 0 sessions matching condition.
\u2705 Email notifications sent successfully
Traceback (most recent call last):
  File "C:\VS_Code\Camp_programs\Projects\vote_cast\manage.py", line 21, in <module>
    main()
  File "C:\VS_Code\Camp_programs\Projects\vote_cast\manage.py", line 17, in main
    execute_from_command_line(sys.argv)
  File "C:\VS_Code\Camp_programs\Projects\vote_cast\venv\lib\site-packages\django\core\management\__init__.py", line 442, in execute_from_command_line
    utility.execute()
  File "C:\VS_Code\Camp_programs\Projects\vote_cast\venv\lib\site-packages\django\core\management\__init__.py", line 436, in execute
    self.fetch_command(subcommand).run_from_argv(self.argv)
  File "C:\VS_Code\Camp_programs\Projects\vote_cast\venv\lib\site-packages\django\core\management\__init__.py", line 275, in fetch_command
    klass = load_command_class(app_name, subcommand)
  File "C:\VS_Code\Camp_programs\Projects\vote_cast\venv\lib\site-packages\django\core\management\__init__.py", line 49, in load_command_class
    return module.Command()
AttributeError: module 'voting_sessions.management.commands.send_notifications' has no attribute 'Command'
Script finished at Thu 02/27/2025 11:52:31.20 
Script started at Thu 02/27/2025 11:57:17.91 
Running Python script... 
\U0001f539 Task Scheduler triggered send_notifications.py
Current time: 2025-02-27 10:57:19.788657+00:00, Target time: 2025-02-27 11:57:19.788657+00:00
Found 0 sessions matching condition.
\u2705 Email notifications sent successfully
Traceback (most recent call last):
  File "C:\VS_Code\Camp_programs\Projects\vote_cast\manage.py", line 21, in <module>
    main()
  File "C:\VS_Code\Camp_programs\Projects\vote_cast\manage.py", line 17, in main
    execute_from_command_line(sys.argv)
  File "C:\VS_Code\Camp_programs\Projects\vote_cast\venv\lib\site-packages\django\core\management\__init__.py", line 442, in execute_from_command_line
    utility.execute()
  File "C:\VS_Code\Camp_programs\Projects\vote_cast\venv\lib\site-packages\django\core\management\__init__.py", line 436, in execute
    self.fetch_command(subcommand).run_from_argv(self.argv)
  File "C:\VS_Code\Camp_programs\Projects\vote_cast\venv\lib\site-packages\django\core\management\__init__.py", line 275, in fetch_command
    klass = load_command_class(app_name, subcommand)
  File "C:\VS_Code\Camp_programs\Projects\vote_cast\venv\lib\site-packages\django\core\management\__init__.py", line 49, in load_command_class
    return module.Command()
AttributeError: module 'voting_sessions.management.commands.send_notifications' has no attribute 'Command'
Script finished at Thu 02/27/2025 11:57:20.00 
Script started at Thu 02/27/2025 12:02:17.92 
Running Python script... 
\U0001f539 Task Scheduler triggered send_notifications.py
Current time: 2025-02-27 11:02:19.423261+00:00, Target time: 2025-02-27 12:02:19.423261+00:00
Found 0 sessions matching condition.
\u2705 Email notifications sent successfully
Traceback (most recent call last):
  File "C:\VS_Code\Camp_programs\Projects\vote_cast\manage.py", line 21, in <module>
    main()
  File "C:\VS_Code\Camp_programs\Projects\vote_cast\manage.py", line 17, in main
    execute_from_command_line(sys.argv)
  File "C:\VS_Code\Camp_programs\Projects\vote_cast\venv\lib\site-packages\django\core\management\__init__.py", line 442, in execute_from_command_line
    utility.execute()
  File "C:\VS_Code\Camp_programs\Projects\vote_cast\venv\lib\site-packages\django\core\management\__init__.py", line 436, in execute
    self.fetch_command(subcommand).run_from_argv(self.argv)
  File "C:\VS_Code\Camp_programs\Projects\vote_cast\venv\lib\site-packages\django\core\management\__init__.py", line 275, in fetch_command
    klass = load_command_class(app_name, subcommand)
  File "C:\VS_Code\Camp_programs\Projects\vote_cast\venv\lib\site-packages\django\core\management\__init__.py", line 49, in load_command_class
    return module.Command()
AttributeError: module 'voting_sessions.management.commands.send_notifications' has no attribute 'Command'
Script finished at Thu 02/27/2025 12:02:19.57 
Script started at Thu 02/27/2025 12:07:17.92 
Running Python script... 
\U0001f539 Task Scheduler triggered send_notifications.py
Current time: 2025-02-27 11:07:20.553064+00:00, Target time: 2025-02-27 12:07:20.553064+00:00
Found 0 sessions matching condition.
\u2705 Email notifications sent successfully
Traceback (most recent call last):
  File "C:\VS_Code\Camp_programs\Projects\vote_cast\manage.py", line 21, in <module>
    main()
  File "C:\VS_Code\Camp_programs\Projects\vote_cast\manage.py", line 17, in main
    execute_from_command_line(sys.argv)
  File "C:\VS_Code\Camp_programs\Projects\vote_cast\venv\lib\site-packages\django\core\management\__init__.py", line 442, in execute_from_command_line
    utility.execute()
  File "C:\VS_Code\Camp_programs\Projects\vote_cast\venv\lib\site-packages\django\core\management\__init__.py", line 436, in execute
    self.fetch_command(subcommand).run_from_argv(self.argv)
  File "C:\VS_Code\Camp_programs\Projects\vote_cast\venv\lib\site-packages\django\core\management\__init__.py", line 275, in fetch_command
    klass = load_command_class(app_name, subcommand)
  File "C:\VS_Code\Camp_programs\Projects\vote_cast\venv\lib\site-packages\django\core\management\__init__.py", line 49, in load_command_class
    return module.Command()
AttributeError: module 'voting_sessions.management.commands.send_notifications' has no attribute 'Command'
Script finished at Thu 02/27/2025 12:07:20.75 
Script started at Thu 02/27/2025 12:12:17.97 
Running Python script... 
\U0001f539 Task Scheduler triggered send_notifications.py
Current time: 2025-02-27 11:12:20.588991+00:00, Target time: 2025-02-27 12:12:20.588991+00:00
Found 0 sessions matching condition.
\u2705 Email notifications sent successfully
Traceback (most recent call last):
  File "C:\VS_Code\Camp_programs\Projects\vote_cast\manage.py", line 21, in <module>
    main()
  File "C:\VS_Code\Camp_programs\Projects\vote_cast\manage.py", line 17, in main
    execute_from_command_line(sys.argv)
  File "C:\VS_Code\Camp_programs\Projects\vote_cast\venv\lib\site-packages\django\core\management\__init__.py", line 442, in execute_from_command_line
    utility.execute()
  File "C:\VS_Code\Camp_programs\Projects\vote_cast\venv\lib\site-packages\django\core\management\__init__.py", line 436, in execute
    self.fetch_command(subcommand).run_from_argv(self.argv)
  File "C:\VS_Code\Camp_programs\Projects\vote_cast\venv\lib\site-packages\django\core\management\__init__.py", line 275, in fetch_command
    klass = load_command_class(app_name, subcommand)
  File "C:\VS_Code\Camp_programs\Projects\vote_cast\venv\lib\site-packages\django\core\management\__init__.py", line 49, in load_command_class
    return module.Command()
AttributeError: module 'voting_sessions.management.commands.send_notifications' has no attribute 'Command'
Script finished at Thu 02/27/2025 12:12:20.77 
Script started at Thu 02/27/2025 12:17:18.07 
Running Python script... 
\U0001f539 Task Scheduler triggered send_notifications.py
Current time: 2025-02-27 11:17:19.779983+00:00, Target time: 2025-02-27 12:17:19.779983+00:00
Found 0 sessions matching condition.
\u2705 Email notifications sent successfully
Traceback (most recent call last):
  File "C:\VS_Code\Camp_programs\Projects\vote_cast\manage.py", line 21, in <module>
    main()
  File "C:\VS_Code\Camp_programs\Projects\vote_cast\manage.py", line 17, in main
    execute_from_command_line(sys.argv)
  File "C:\VS_Code\Camp_programs\Projects\vote_cast\venv\lib\site-packages\django\core\management\__init__.py", line 442, in execute_from_command_line
    utility.execute()
  File "C:\VS_Code\Camp_programs\Projects\vote_cast\venv\lib\site-packages\django\core\management\__init__.py", line 436, in execute
    self.fetch_command(subcommand).run_from_argv(self.argv)
  File "C:\VS_Code\Camp_programs\Projects\vote_cast\venv\lib\site-packages\django\core\management\__init__.py", line 275, in fetch_command
    klass = load_command_class(app_name, subcommand)
  File "C:\VS_Code\Camp_programs\Projects\vote_cast\venv\lib\site-packages\django\core\management\__init__.py", line 49, in load_command_class
    return module.Command()
AttributeError: module 'voting_sessions.management.commands.send_notifications' has no attribute 'Command'
Script finished at Thu 02/27/2025 12:17:20.26 
Script started at Thu 02/27/2025 15:07:17.80 
Running Python script... 
\U0001f539 Task Scheduler triggered send_notifications.py
Current time: 2025-02-27 14:07:20.194019+00:00, Target time: 2025-02-27 15:07:20.194019+00:00
Found 0 sessions matching condition.
\u2705 Email notifications sent successfully
Traceback (most recent call last):
  File "C:\VS_Code\Camp_programs\Projects\vote_cast\manage.py", line 21, in <module>
    main()
  File "C:\VS_Code\Camp_programs\Projects\vote_cast\manage.py", line 17, in main
    execute_from_command_line(sys.argv)
  File "C:\VS_Code\Camp_programs\Projects\vote_cast\venv\lib\site-packages\django\core\management\__init__.py", line 442, in execute_from_command_line
    utility.execute()
  File "C:\VS_Code\Camp_programs\Projects\vote_cast\venv\lib\site-packages\django\core\management\__init__.py", line 436, in execute
    self.fetch_command(subcommand).run_from_argv(self.argv)
  File "C:\VS_Code\Camp_programs\Projects\vote_cast\venv\lib\site-packages\django\core\management\__init__.py", line 275, in fetch_command
    klass = load_command_class(app_name, subcommand)
  File "C:\VS_Code\Camp_programs\Projects\vote_cast\venv\lib\site-packages\django\core\management\__init__.py", line 49, in load_command_class
    return module.Command()
AttributeError: module 'voting_sessions.management.commands.send_notifications' has no attribute 'Command'
Script finished at Thu 02/27/2025 15:07:20.41 
Script started at Thu 02/27/2025 15:12:17.61 
Running Python script... 
\U0001f539 Task Scheduler triggered send_notifications.py
Current time: 2025-02-27 14:12:19.554550+00:00, Target time: 2025-02-27 15:12:19.554550+00:00
Found 0 sessions matching condition.
\u2705 Email notifications sent successfully
Traceback (most recent call last):
  File "C:\VS_Code\Camp_programs\Projects\vote_cast\manage.py", line 21, in <module>
    main()
  File "C:\VS_Code\Camp_programs\Projects\vote_cast\manage.py", line 17, in main
    execute_from_command_line(sys.argv)
  File "C:\VS_Code\Camp_programs\Projects\vote_cast\venv\lib\site-packages\django\core\management\__init__.py", line 442, in execute_from_command_line
    utility.execute()
  File "C:\VS_Code\Camp_programs\Projects\vote_cast\venv\lib\site-packages\django\core\management\__init__.py", line 436, in execute
    self.fetch_command(subcommand).run_from_argv(self.argv)
  File "C:\VS_Code\Camp_programs\Projects\vote_cast\venv\lib\site-packages\django\core\management\__init__.py", line 275, in fetch_command
    klass = load_command_class(app_name, subcommand)
  File "C:\VS_Code\Camp_programs\Projects\vote_cast\venv\lib\site-packages\django\core\management\__init__.py", line 49, in load_command_class
    return module.Command()
AttributeError: module 'voting_sessions.management.commands.send_notifications' has no attribute 'Command'
Script finished at Thu 02/27/2025 15:12:19.77 
Script started at Thu 02/27/2025 15:17:18.15 
Running Python script... 
\U0001f539 Task Scheduler triggered send_notifications.py
Current time: 2025-02-27 14:17:25.560391+00:00, Target time: 2025-02-27 15:17:25.560391+00:00
Found 0 sessions matching condition.
\u2705 Email notifications sent successfully
Traceback (most recent call last):
  File "C:\VS_Code\Camp_programs\Projects\vote_cast\manage.py", line 21, in <module>
    main()
  File "C:\VS_Code\Camp_programs\Projects\vote_cast\manage.py", line 17, in main
    execute_from_command_line(sys.argv)
  File "C:\VS_Code\Camp_programs\Projects\vote_cast\venv\lib\site-packages\django\core\management\__init__.py", line 442, in execute_from_command_line
    utility.execute()
  File "C:\VS_Code\Camp_programs\Projects\vote_cast\venv\lib\site-packages\django\core\management\__init__.py", line 436, in execute
    self.fetch_command(subcommand).run_from_argv(self.argv)
  File "C:\VS_Code\Camp_programs\Projects\vote_cast\venv\lib\site-packages\django\core\management\__init__.py", line 275, in fetch_command
    klass = load_command_class(app_name, subcommand)
  File "C:\VS_Code\Camp_programs\Projects\vote_cast\venv\lib\site-packages\django\core\management\__init__.py", line 49, in load_command_class
    return module.Command()
AttributeError: module 'voting_sessions.management.commands.send_notifications' has no attribute 'Command'
Script finished at Thu 02/27/2025 15:17:26.10 
Script started at Thu 02/27/2025 15:22:17.63 
Running Python script... 
Traceback (most recent call last):
  File "C:\VS_Code\Camp_programs\Projects\vote_cast\manage.py", line 21, in <module>
    main()
  File "C:\VS_Code\Camp_programs\Projects\vote_cast\manage.py", line 17, in main
    execute_from_command_line(sys.argv)
  File "C:\VS_Code\Camp_programs\Projects\vote_cast\venv\lib\site-packages\django\core\management\__init__.py", line 442, in execute_from_command_line
    utility.execute()
  File "C:\VS_Code\Camp_programs\Projects\vote_cast\venv\lib\site-packages\django\core\management\__init__.py", line 436, in execute
    self.fetch_command(subcommand).run_from_argv(self.argv)
  File "C:\VS_Code\Camp_programs\Projects\vote_cast\venv\lib\site-packages\django\core\management\__init__.py", line 275, in fetch_command
    klass = load_command_class(app_name, subcommand)
  File "C:\VS_Code\Camp_programs\Projects\vote_cast\venv\lib\site-packages\django\core\management\__init__.py", line 48, in load_command_class
    module = import_module("%s.management.commands.%s" % (app_name, name))
  File "C:\Users\\AppData\Local\Programs\Python\Python310\lib\importlib\__init__.py", line 126, in import_module
    return _bootstrap._gcd_import(name[level:], package, level)
  File "<frozen importlib._bootstrap>", line 1050, in _gcd_import
  File "<frozen importlib._bootstrap>", line 1027, in _find_and_load
  File "<frozen importlib._bootstrap>", line 1006, in _find_and_load_unlocked
  File "<frozen importlib._bootstrap>", line 688, in _load_unlocked
  File "<frozen importlib._bootstrap_external>", line 883, in exec_module
  File "<frozen importlib._bootstrap>", line 241, in _call_with_frames_removed
  File "C:\VS_Code\Camp_programs\Projects\vote_cast\voting_sessions\management\commands\send_notifications.py", line 2, in <module>
    from voting_sessions.utils import send_notifications  # Update import if needed
ModuleNotFoundError: No module named 'voting_sessions.utils'
Script finished at Thu 02/27/2025 15:22:21.31 
Script started at Thu 02/27/2025 15:27:18.06 
Running Python script... 
Traceback (most recent call last):
  File "C:\VS_Code\Camp_programs\Projects\vote_cast\manage.py", line 21, in <module>
    main()
  File "C:\VS_Code\Camp_programs\Projects\vote_cast\manage.py", line 17, in main
    execute_from_command_line(sys.argv)
  File "C:\VS_Code\Camp_programs\Projects\vote_cast\venv\lib\site-packages\django\core\management\__init__.py", line 442, in execute_from_command_line
    utility.execute()
  File "C:\VS_Code\Camp_programs\Projects\vote_cast\venv\lib\site-packages\django\core\management\__init__.py", line 436, in execute
    self.fetch_command(subcommand).run_from_argv(self.argv)
  File "C:\VS_Code\Camp_programs\Projects\vote_cast\venv\lib\site-packages\django\core\management\__init__.py", line 275, in fetch_command
    klass = load_command_class(app_name, subcommand)
  File "C:\VS_Code\Camp_programs\Projects\vote_cast\venv\lib\site-packages\django\core\management\__init__.py", line 48, in load_command_class
    module = import_module("%s.management.commands.%s" % (app_name, name))
  File "C:\Users\\AppData\Local\Programs\Python\Python310\lib\importlib\__init__.py", line 126, in import_module
    return _bootstrap._gcd_import(name[level:], package, level)
  File "<frozen importlib._bootstrap>", line 1050, in _gcd_import
  File "<frozen importlib._bootstrap>", line 1027, in _find_and_load
  File "<frozen importlib._bootstrap>", line 1006, in _find_and_load_unlocked
  File "<frozen importlib._bootstrap>", line 688, in _load_unlocked
  File "<frozen importlib._bootstrap_external>", line 883, in exec_module
  File "<frozen importlib._bootstrap>", line 241, in _call_with_frames_removed
  File "C:\VS_Code\Camp_programs\Projects\vote_cast\voting_sessions\management\commands\send_notifications.py", line 2, in <module>
    from voting_sessions.utils import send_notifications  # Update import if needed
ModuleNotFoundError: No module named 'voting_sessions.utils'
Script finished at Thu 02/27/2025 15:27:22.43 
Script started at Thu 02/27/2025 15:32:17.71 
Running Python script... 
Traceback (most recent call last):
  File "C:\VS_Code\Camp_programs\Projects\vote_cast\manage.py", line 21, in <module>
    main()
  File "C:\VS_Code\Camp_programs\Projects\vote_cast\manage.py", line 17, in main
    execute_from_command_line(sys.argv)
  File "C:\VS_Code\Camp_programs\Projects\vote_cast\venv\lib\site-packages\django\core\management\__init__.py", line 442, in execute_from_command_line
    utility.execute()
  File "C:\VS_Code\Camp_programs\Projects\vote_cast\venv\lib\site-packages\django\core\management\__init__.py", line 436, in execute
    self.fetch_command(subcommand).run_from_argv(self.argv)
  File "C:\VS_Code\Camp_programs\Projects\vote_cast\venv\lib\site-packages\django\core\management\__init__.py", line 275, in fetch_command
    klass = load_command_class(app_name, subcommand)
  File "C:\VS_Code\Camp_programs\Projects\vote_cast\venv\lib\site-packages\django\core\management\__init__.py", line 48, in load_command_class
    module = import_module("%s.management.commands.%s" % (app_name, name))
  File "C:\Users\\AppData\Local\Programs\Python\Python310\lib\importlib\__init__.py", line 126, in import_module
    return _bootstrap._gcd_import(name[level:], package, level)
  File "<frozen importlib._bootstrap>", line 1050, in _gcd_import
  File "<frozen importlib._bootstrap>", line 1027, in _find_and_load
  File "<frozen importlib._bootstrap>", line 1006, in _find_and_load_unlocked
  File "<frozen importlib._bootstrap>", line 688, in _load_unlocked
  File "<frozen importlib._bootstrap_external>", line 883, in exec_module
  File "<frozen importlib._bootstrap>", line 241, in _call_with_frames_removed
  File "C:\VS_Code\Camp_programs\Projects\vote_cast\voting_sessions\management\commands\send_notifications.py", line 2, in <module>
    from voting_sessions.utils import send_notifications  # Update import if needed
ModuleNotFoundError: No module named 'voting_sessions.utils'
Script finished at Thu 02/27/2025 15:32:20.73 
Script started at Thu 02/27/2025 15:37:18.60 
Running Python script... 
Traceback (most recent call last):
  File "C:\VS_Code\Camp_programs\Projects\vote_cast\manage.py", line 21, in <module>
    main()
  File "C:\VS_Code\Camp_programs\Projects\vote_cast\manage.py", line 17, in main
    execute_from_command_line(sys.argv)
  File "C:\VS_Code\Camp_programs\Projects\vote_cast\venv\lib\site-packages\django\core\management\__init__.py", line 442, in execute_from_command_line
    utility.execute()
  File "C:\VS_Code\Camp_programs\Projects\vote_cast\venv\lib\site-packages\django\core\management\__init__.py", line 436, in execute
    self.fetch_command(subcommand).run_from_argv(self.argv)
  File "C:\VS_Code\Camp_programs\Projects\vote_cast\venv\lib\site-packages\django\core\management\__init__.py", line 275, in fetch_command
    klass = load_command_class(app_name, subcommand)
  File "C:\VS_Code\Camp_programs\Projects\vote_cast\venv\lib\site-packages\django\core\management\__init__.py", line 48, in load_command_class
    module = import_module("%s.management.commands.%s" % (app_name, name))
  File "C:\Users\\AppData\Local\Programs\Python\Python310\lib\importlib\__init__.py", line 126, in import_module
    return _bootstrap._gcd_import(name[level:], package, level)
  File "<frozen importlib._bootstrap>", line 1050, in _gcd_import
  File "<frozen importlib._bootstrap>", line 1027, in _find_and_load
  File "<frozen importlib._bootstrap>", line 1006, in _find_and_load_unlocked
  File "<frozen importlib._bootstrap>", line 688, in _load_unlocked
  File "<frozen importlib._bootstrap_external>", line 883, in exec_module
  File "<frozen importlib._bootstrap>", line 241, in _call_with_frames_removed
  File "C:\VS_Code\Camp_programs\Projects\vote_cast\voting_sessions\management\commands\send_notifications.py", line 2, in <module>
    from voting_sessions.utils import send_notifications  # Update import if needed
ModuleNotFoundError: No module named 'voting_sessions.utils'
Script finished at Thu 02/27/2025 15:37:20.80 
Script started at Thu 02/27/2025 15:42:17.66 
Running Python script... 
Traceback (most recent call last):
  File "C:\VS_Code\Camp_programs\Projects\vote_cast\manage.py", line 21, in <module>
    main()
  File "C:\VS_Code\Camp_programs\Projects\vote_cast\manage.py", line 17, in main
    execute_from_command_line(sys.argv)
  File "C:\VS_Code\Camp_programs\Projects\vote_cast\venv\lib\site-packages\django\core\management\__init__.py", line 442, in execute_from_command_line
    utility.execute()
  File "C:\VS_Code\Camp_programs\Projects\vote_cast\venv\lib\site-packages\django\core\management\__init__.py", line 436, in execute
    self.fetch_command(subcommand).run_from_argv(self.argv)
  File "C:\VS_Code\Camp_programs\Projects\vote_cast\venv\lib\site-packages\django\core\management\__init__.py", line 275, in fetch_command
    klass = load_command_class(app_name, subcommand)
  File "C:\VS_Code\Camp_programs\Projects\vote_cast\venv\lib\site-packages\django\core\management\__init__.py", line 48, in load_command_class
    module = import_module("%s.management.commands.%s" % (app_name, name))
  File "C:\Users\\AppData\Local\Programs\Python\Python310\lib\importlib\__init__.py", line 126, in import_module
    return _bootstrap._gcd_import(name[level:], package, level)
  File "<frozen importlib._bootstrap>", line 1050, in _gcd_import
  File "<frozen importlib._bootstrap>", line 1027, in _find_and_load
  File "<frozen importlib._bootstrap>", line 1006, in _find_and_load_unlocked
  File "<frozen importlib._bootstrap>", line 688, in _load_unlocked
  File "<frozen importlib._bootstrap_external>", line 883, in exec_module
  File "<frozen importlib._bootstrap>", line 241, in _call_with_frames_removed
  File "C:\VS_Code\Camp_programs\Projects\vote_cast\voting_sessions\management\commands\send_notifications.py", line 2, in <module>
    from voting_sessions.utils import send_notifications  # Update import if needed
ModuleNotFoundError: No module named 'voting_sessions.utils'
Script finished at Thu 02/27/2025 15:42:19.57 
Script started at Thu 02/27/2025 15:47:17.70 
Running Python script... 
Traceback (most recent call last):
  File "C:\VS_Code\Camp_programs\Projects\vote_cast\manage.py", line 21, in <module>
    main()
  File "C:\VS_Code\Camp_programs\Projects\vote_cast\manage.py", line 17, in main
    execute_from_command_line(sys.argv)
  File "C:\VS_Code\Camp_programs\Projects\vote_cast\venv\lib\site-packages\django\core\management\__init__.py", line 442, in execute_from_command_line
    utility.execute()
  File "C:\VS_Code\Camp_programs\Projects\vote_cast\venv\lib\site-packages\django\core\management\__init__.py", line 436, in execute
    self.fetch_command(subcommand).run_from_argv(self.argv)
  File "C:\VS_Code\Camp_programs\Projects\vote_cast\venv\lib\site-packages\django\core\management\__init__.py", line 275, in fetch_command
    klass = load_command_class(app_name, subcommand)
  File "C:\VS_Code\Camp_programs\Projects\vote_cast\venv\lib\site-packages\django\core\management\__init__.py", line 48, in load_command_class
    module = import_module("%s.management.commands.%s" % (app_name, name))
  File "C:\Users\\AppData\Local\Programs\Python\Python310\lib\importlib\__init__.py", line 126, in import_module
    return _bootstrap._gcd_import(name[level:], package, level)
  File "<frozen importlib._bootstrap>", line 1050, in _gcd_import
  File "<frozen importlib._bootstrap>", line 1027, in _find_and_load
  File "<frozen importlib._bootstrap>", line 1006, in _find_and_load_unlocked
  File "<frozen importlib._bootstrap>", line 688, in _load_unlocked
  File "<frozen importlib._bootstrap_external>", line 883, in exec_module
  File "<frozen importlib._bootstrap>", line 241, in _call_with_frames_removed
  File "C:\VS_Code\Camp_programs\Projects\vote_cast\voting_sessions\management\commands\send_notifications.py", line 2, in <module>
    from voting_sessions.utils import send_notifications  # Update import if needed
ImportError: cannot import name 'send_notifications' from 'voting_sessions.utils' (C:\VS_Code\Camp_programs\Projects\vote_cast\voting_sessions\utils.py)
Script finished at Thu 02/27/2025 15:47:20.63 
Script started at Thu 02/27/2025 15:48:53.26 
Running Python script... 
Traceback (most recent call last):
  File "C:\VS_Code\Camp_programs\Projects\vote_cast\manage.py", line 21, in <module>
    main()
  File "C:\VS_Code\Camp_programs\Projects\vote_cast\manage.py", line 17, in main
    execute_from_command_line(sys.argv)
  File "C:\VS_Code\Camp_programs\Projects\vote_cast\venv\lib\site-packages\django\core\management\__init__.py", line 442, in execute_from_command_line
    utility.execute()
  File "C:\VS_Code\Camp_programs\Projects\vote_cast\venv\lib\site-packages\django\core\management\__init__.py", line 436, in execute
    self.fetch_command(subcommand).run_from_argv(self.argv)
  File "C:\VS_Code\Camp_programs\Projects\vote_cast\venv\lib\site-packages\django\core\management\__init__.py", line 275, in fetch_command
    klass = load_command_class(app_name, subcommand)
  File "C:\VS_Code\Camp_programs\Projects\vote_cast\venv\lib\site-packages\django\core\management\__init__.py", line 48, in load_command_class
    module = import_module("%s.management.commands.%s" % (app_name, name))
  File "C:\Users\\AppData\Local\Programs\Python\Python310\lib\importlib\__init__.py", line 126, in import_module
    return _bootstrap._gcd_import(name[level:], package, level)
  File "<frozen importlib._bootstrap>", line 1050, in _gcd_import
  File "<frozen importlib._bootstrap>", line 1027, in _find_and_load
  File "<frozen importlib._bootstrap>", line 1006, in _find_and_load_unlocked
  File "<frozen importlib._bootstrap>", line 688, in _load_unlocked
  File "<frozen importlib._bootstrap_external>", line 883, in exec_module
  File "<frozen importlib._bootstrap>", line 241, in _call_with_frames_removed
  File "C:\VS_Code\Camp_programs\Projects\vote_cast\voting_sessions\management\commands\send_notifications.py", line 2, in <module>
    from voting_sessions.utils import send_notifications  # Update import if needed
  File "C:\VS_Code\Camp_programs\Projects\vote_cast\voting_sessions\utils.py", line 3, in <module>
    from voting_sessions.models import VotingSession  # Ensure this is your correct model
ImportError: cannot import name 'VotingSession' from 'voting_sessions.models' (C:\VS_Code\Camp_programs\Projects\vote_cast\voting_sessions\models.py)
Script finished at Thu 02/27/2025 15:48:54.87 
Script started at Thu 02/27/2025 15:50:43.64 
Running Python script... 
Traceback (most recent call last):
  File "C:\VS_Code\Camp_programs\Projects\vote_cast\manage.py", line 21, in <module>
    main()
  File "C:\VS_Code\Camp_programs\Projects\vote_cast\manage.py", line 17, in main
    execute_from_command_line(sys.argv)
  File "C:\VS_Code\Camp_programs\Projects\vote_cast\venv\lib\site-packages\django\core\management\__init__.py", line 442, in execute_from_command_line
    utility.execute()
  File "C:\VS_Code\Camp_programs\Projects\vote_cast\venv\lib\site-packages\django\core\management\__init__.py", line 436, in execute
    self.fetch_command(subcommand).run_from_argv(self.argv)
  File "C:\VS_Code\Camp_programs\Projects\vote_cast\venv\lib\site-packages\django\core\management\__init__.py", line 275, in fetch_command
    klass = load_command_class(app_name, subcommand)
  File "C:\VS_Code\Camp_programs\Projects\vote_cast\venv\lib\site-packages\django\core\management\__init__.py", line 48, in load_command_class
    module = import_module("%s.management.commands.%s" % (app_name, name))
  File "C:\Users\\AppData\Local\Programs\Python\Python310\lib\importlib\__init__.py", line 126, in import_module
    return _bootstrap._gcd_import(name[level:], package, level)
  File "<frozen importlib._bootstrap>", line 1050, in _gcd_import
  File "<frozen importlib._bootstrap>", line 1027, in _find_and_load
  File "<frozen importlib._bootstrap>", line 1006, in _find_and_load_unlocked
  File "<frozen importlib._bootstrap>", line 688, in _load_unlocked
  File "<frozen importlib._bootstrap_external>", line 883, in exec_module
  File "<frozen importlib._bootstrap>", line 241, in _call_with_frames_removed
  File "C:\VS_Code\Camp_programs\Projects\vote_cast\voting_sessions\management\commands\send_notifications.py", line 2, in <module>
    from voting_sessions.utils import send_notifications  # Update import if needed
  File "C:\VS_Code\Camp_programs\Projects\vote_cast\voting_sessions\utils.py", line 3, in <module>
    from voting_sessions.models import VotingSession  # Ensure this is your correct model
ImportError: cannot import name 'VotingSession' from 'voting_sessions.models' (C:\VS_Code\Camp_programs\Projects\vote_cast\voting_sessions\models.py)
Script finished at Thu 02/27/2025 15:50:45.83 
Script started at Thu 02/27/2025 15:52:17.65 
Running Python script... 
Traceback (most recent call last):
  File "C:\VS_Code\Camp_programs\Projects\vote_cast\manage.py", line 21, in <module>
    main()
  File "C:\VS_Code\Camp_programs\Projects\vote_cast\manage.py", line 17, in main
    execute_from_command_line(sys.argv)
  File "C:\VS_Code\Camp_programs\Projects\vote_cast\venv\lib\site-packages\django\core\management\__init__.py", line 442, in execute_from_command_line
    utility.execute()
  File "C:\VS_Code\Camp_programs\Projects\vote_cast\venv\lib\site-packages\django\core\management\__init__.py", line 436, in execute
    self.fetch_command(subcommand).run_from_argv(self.argv)
  File "C:\VS_Code\Camp_programs\Projects\vote_cast\venv\lib\site-packages\django\core\management\__init__.py", line 275, in fetch_command
    klass = load_command_class(app_name, subcommand)
  File "C:\VS_Code\Camp_programs\Projects\vote_cast\venv\lib\site-packages\django\core\management\__init__.py", line 48, in load_command_class
    module = import_module("%s.management.commands.%s" % (app_name, name))
  File "C:\Users\\AppData\Local\Programs\Python\Python310\lib\importlib\__init__.py", line 126, in import_module
    return _bootstrap._gcd_import(name[level:], package, level)
  File "<frozen importlib._bootstrap>", line 1050, in _gcd_import
  File "<frozen importlib._bootstrap>", line 1027, in _find_and_load
  File "<frozen importlib._bootstrap>", line 1006, in _find_and_load_unlocked
  File "<frozen importlib._bootstrap>", line 688, in _load_unlocked
  File "<frozen importlib._bootstrap_external>", line 883, in exec_module
  File "<frozen importlib._bootstrap>", line 241, in _call_with_frames_removed
  File "C:\VS_Code\Camp_programs\Projects\vote_cast\voting_sessions\management\commands\send_notifications.py", line 2, in <module>
    from voting_sessions.utils import send_notifications  # Update import if needed
  File "C:\VS_Code\Camp_programs\Projects\vote_cast\voting_sessions\utils.py", line 3, in <module>
    from voting_sessions.models import VotingSession  # Ensure this is your correct model
ImportError: cannot import name 'VotingSession' from 'voting_sessions.models' (C:\VS_Code\Camp_programs\Projects\vote_cast\voting_sessions\models.py)
Script finished at Thu 02/27/2025 15:52:19.55 
Script started at Thu 02/27/2025 15:53:58.86 
Running Python script... 
Traceback (most recent call last):
  File "C:\VS_Code\Camp_programs\Projects\vote_cast\manage.py", line 21, in <module>
    main()
  File "C:\VS_Code\Camp_programs\Projects\vote_cast\manage.py", line 17, in main
    execute_from_command_line(sys.argv)
  File "C:\VS_Code\Camp_programs\Projects\vote_cast\venv\lib\site-packages\django\core\management\__init__.py", line 442, in execute_from_command_line
    utility.execute()
  File "C:\VS_Code\Camp_programs\Projects\vote_cast\venv\lib\site-packages\django\core\management\__init__.py", line 436, in execute
    self.fetch_command(subcommand).run_from_argv(self.argv)
  File "C:\VS_Code\Camp_programs\Projects\vote_cast\venv\lib\site-packages\django\core\management\__init__.py", line 275, in fetch_command
    klass = load_command_class(app_name, subcommand)
  File "C:\VS_Code\Camp_programs\Projects\vote_cast\venv\lib\site-packages\django\core\management\__init__.py", line 48, in load_command_class
    module = import_module("%s.management.commands.%s" % (app_name, name))
  File "C:\Users\\AppData\Local\Programs\Python\Python310\lib\importlib\__init__.py", line 126, in import_module
    return _bootstrap._gcd_import(name[level:], package, level)
  File "<frozen importlib._bootstrap>", line 1050, in _gcd_import
  File "<frozen importlib._bootstrap>", line 1027, in _find_and_load
  File "<frozen importlib._bootstrap>", line 1006, in _find_and_load_unlocked
  File "<frozen importlib._bootstrap>", line 688, in _load_unlocked
  File "<frozen importlib._bootstrap_external>", line 883, in exec_module
  File "<frozen importlib._bootstrap>", line 241, in _call_with_frames_removed
  File "C:\VS_Code\Camp_programs\Projects\vote_cast\voting_sessions\management\commands\send_notifications.py", line 2, in <module>
    from voting_sessions.utils import send_notifications  # Update import if needed
  File "C:\VS_Code\Camp_programs\Projects\vote_cast\voting_sessions\utils.py", line 3, in <module>
    from voting_sessions.models import VotingSession  # Ensure this is your correct model
ImportError: cannot import name 'VotingSession' from 'voting_sessions.models' (C:\VS_Code\Camp_programs\Projects\vote_cast\voting_sessions\models.py)
Script finished at Thu 02/27/2025 15:54:00.67 
Script started at Thu 02/27/2025 15:57:17.68 
Running Python script... 
Traceback (most recent call last):
  File "C:\VS_Code\Camp_programs\Projects\vote_cast\manage.py", line 21, in <module>
    main()
  File "C:\VS_Code\Camp_programs\Projects\vote_cast\manage.py", line 17, in main
    execute_from_command_line(sys.argv)
  File "C:\VS_Code\Camp_programs\Projects\vote_cast\venv\lib\site-packages\django\core\management\__init__.py", line 442, in execute_from_command_line
    utility.execute()
  File "C:\VS_Code\Camp_programs\Projects\vote_cast\venv\lib\site-packages\django\core\management\__init__.py", line 436, in execute
    self.fetch_command(subcommand).run_from_argv(self.argv)
  File "C:\VS_Code\Camp_programs\Projects\vote_cast\venv\lib\site-packages\django\core\management\__init__.py", line 275, in fetch_command
    klass = load_command_class(app_name, subcommand)
  File "C:\VS_Code\Camp_programs\Projects\vote_cast\venv\lib\site-packages\django\core\management\__init__.py", line 48, in load_command_class
    module = import_module("%s.management.commands.%s" % (app_name, name))
  File "C:\Users\\AppData\Local\Programs\Python\Python310\lib\importlib\__init__.py", line 126, in import_module
    return _bootstrap._gcd_import(name[level:], package, level)
  File "<frozen importlib._bootstrap>", line 1050, in _gcd_import
  File "<frozen importlib._bootstrap>", line 1027, in _find_and_load
  File "<frozen importlib._bootstrap>", line 1006, in _find_and_load_unlocked
  File "<frozen importlib._bootstrap>", line 688, in _load_unlocked
  File "<frozen importlib._bootstrap_external>", line 883, in exec_module
  File "<frozen importlib._bootstrap>", line 241, in _call_with_frames_removed
  File "C:\VS_Code\Camp_programs\Projects\vote_cast\voting_sessions\management\commands\send_notifications.py", line 2, in <module>
    from voting_sessions.utils import send_notifications  # Update import if needed
  File "C:\VS_Code\Camp_programs\Projects\vote_cast\voting_sessions\utils.py", line 3, in <module>
    from voting_sessions.models import VotingSession  # Ensure this is your correct model
ImportError: cannot import name 'VotingSession' from 'voting_sessions.models' (C:\VS_Code\Camp_programs\Projects\vote_cast\voting_sessions\models.py)
Script finished at Thu 02/27/2025 15:57:19.38 
Script started at Thu 02/27/2025 16:02:17.69 
Running Python script... 
Traceback (most recent call last):
  File "C:\VS_Code\Camp_programs\Projects\vote_cast\manage.py", line 21, in <module>
    main()
  File "C:\VS_Code\Camp_programs\Projects\vote_cast\manage.py", line 17, in main
    execute_from_command_line(sys.argv)
  File "C:\VS_Code\Camp_programs\Projects\vote_cast\venv\lib\site-packages\django\core\management\__init__.py", line 442, in execute_from_command_line
    utility.execute()
  File "C:\VS_Code\Camp_programs\Projects\vote_cast\venv\lib\site-packages\django\core\management\__init__.py", line 436, in execute
    self.fetch_command(subcommand).run_from_argv(self.argv)
  File "C:\VS_Code\Camp_programs\Projects\vote_cast\venv\lib\site-packages\django\core\management\__init__.py", line 275, in fetch_command
    klass = load_command_class(app_name, subcommand)
  File "C:\VS_Code\Camp_programs\Projects\vote_cast\venv\lib\site-packages\django\core\management\__init__.py", line 48, in load_command_class
    module = import_module("%s.management.commands.%s" % (app_name, name))
  File "C:\Users\\AppData\Local\Programs\Python\Python310\lib\importlib\__init__.py", line 126, in import_module
    return _bootstrap._gcd_import(name[level:], package, level)
  File "<frozen importlib._bootstrap>", line 1050, in _gcd_import
  File "<frozen importlib._bootstrap>", line 1027, in _find_and_load
  File "<frozen importlib._bootstrap>", line 1006, in _find_and_load_unlocked
  File "<frozen importlib._bootstrap>", line 688, in _load_unlocked
  File "<frozen importlib._bootstrap_external>", line 883, in exec_module
  File "<frozen importlib._bootstrap>", line 241, in _call_with_frames_removed
  File "C:\VS_Code\Camp_programs\Projects\vote_cast\voting_sessions\management\commands\send_notifications.py", line 2, in <module>
    from voting_sessions.utils import send_notifications  # Update import if needed
  File "C:\VS_Code\Camp_programs\Projects\vote_cast\voting_sessions\utils.py", line 3, in <module>
    from voting_sessions.models import VotingSession  # Ensure this is your correct model
ImportError: cannot import name 'VotingSession' from 'voting_sessions.models' (C:\VS_Code\Camp_programs\Projects\vote_cast\voting_sessions\models.py)
Script finished at Thu 02/27/2025 16:02:19.39 
Script started at Thu 02/27/2025 16:07:18.39 
Running Python script... 
Traceback (most recent call last):
  File "C:\VS_Code\Camp_programs\Projects\vote_cast\manage.py", line 21, in <module>
    main()
  File "C:\VS_Code\Camp_programs\Projects\vote_cast\manage.py", line 17, in main
    execute_from_command_line(sys.argv)
  File "C:\VS_Code\Camp_programs\Projects\vote_cast\venv\lib\site-packages\django\core\management\__init__.py", line 442, in execute_from_command_line
    utility.execute()
  File "C:\VS_Code\Camp_programs\Projects\vote_cast\venv\lib\site-packages\django\core\management\__init__.py", line 436, in execute
    self.fetch_command(subcommand).run_from_argv(self.argv)
  File "C:\VS_Code\Camp_programs\Projects\vote_cast\venv\lib\site-packages\django\core\management\__init__.py", line 275, in fetch_command
    klass = load_command_class(app_name, subcommand)
  File "C:\VS_Code\Camp_programs\Projects\vote_cast\venv\lib\site-packages\django\core\management\__init__.py", line 48, in load_command_class
    module = import_module("%s.management.commands.%s" % (app_name, name))
  File "C:\Users\\AppData\Local\Programs\Python\Python310\lib\importlib\__init__.py", line 126, in import_module
    return _bootstrap._gcd_import(name[level:], package, level)
  File "<frozen importlib._bootstrap>", line 1050, in _gcd_import
  File "<frozen importlib._bootstrap>", line 1027, in _find_and_load
  File "<frozen importlib._bootstrap>", line 1006, in _find_and_load_unlocked
  File "<frozen importlib._bootstrap>", line 688, in _load_unlocked
  File "<frozen importlib._bootstrap_external>", line 883, in exec_module
  File "<frozen importlib._bootstrap>", line 241, in _call_with_frames_removed
  File "C:\VS_Code\Camp_programs\Projects\vote_cast\voting_sessions\management\commands\send_notifications.py", line 2, in <module>
    from voting_sessions.utils import send_notifications  # Update import if needed
  File "C:\VS_Code\Camp_programs\Projects\vote_cast\voting_sessions\utils.py", line 3, in <module>
    from voting_sessions.models import VotingSession  # Ensure this is your correct model
ImportError: cannot import name 'VotingSession' from 'voting_sessions.models' (C:\VS_Code\Camp_programs\Projects\vote_cast\voting_sessions\models.py)
Script finished at Thu 02/27/2025 16:07:21.84 
Script started at Thu 02/27/2025 16:12:18.37 
Running Python script... 
Traceback (most recent call last):
  File "C:\VS_Code\Camp_programs\Projects\vote_cast\manage.py", line 21, in <module>
    main()
  File "C:\VS_Code\Camp_programs\Projects\vote_cast\manage.py", line 17, in main
    execute_from_command_line(sys.argv)
  File "C:\VS_Code\Camp_programs\Projects\vote_cast\venv\lib\site-packages\django\core\management\__init__.py", line 442, in execute_from_command_line
    utility.execute()
  File "C:\VS_Code\Camp_programs\Projects\vote_cast\venv\lib\site-packages\django\core\management\__init__.py", line 436, in execute
    self.fetch_command(subcommand).run_from_argv(self.argv)
  File "C:\VS_Code\Camp_programs\Projects\vote_cast\venv\lib\site-packages\django\core\management\__init__.py", line 275, in fetch_command
    klass = load_command_class(app_name, subcommand)
  File "C:\VS_Code\Camp_programs\Projects\vote_cast\venv\lib\site-packages\django\core\management\__init__.py", line 48, in load_command_class
    module = import_module("%s.management.commands.%s" % (app_name, name))
  File "C:\Users\\AppData\Local\Programs\Python\Python310\lib\importlib\__init__.py", line 126, in import_module
    return _bootstrap._gcd_import(name[level:], package, level)
  File "<frozen importlib._bootstrap>", line 1050, in _gcd_import
  File "<frozen importlib._bootstrap>", line 1027, in _find_and_load
  File "<frozen importlib._bootstrap>", line 1006, in _find_and_load_unlocked
  File "<frozen importlib._bootstrap>", line 688, in _load_unlocked
  File "<frozen importlib._bootstrap_external>", line 883, in exec_module
  File "<frozen importlib._bootstrap>", line 241, in _call_with_frames_removed
  File "C:\VS_Code\Camp_programs\Projects\vote_cast\voting_sessions\management\commands\send_notifications.py", line 2, in <module>
    from voting_sessions.utils import send_notifications  # Update import if needed
  File "C:\VS_Code\Camp_programs\Projects\vote_cast\voting_sessions\utils.py", line 3, in <module>
    from voting_sessions.models import VotingSession  # Ensure this is your correct model
ImportError: cannot import name 'VotingSession' from 'voting_sessions.models' (C:\VS_Code\Camp_programs\Projects\vote_cast\voting_sessions\models.py)
Script finished at Thu 02/27/2025 16:12:20.61 
Script started at Thu 02/27/2025 16:17:17.39 
Running Python script... 
Traceback (most recent call last):
  File "C:\VS_Code\Camp_programs\Projects\vote_cast\manage.py", line 21, in <module>
    main()
  File "C:\VS_Code\Camp_programs\Projects\vote_cast\manage.py", line 17, in main
    execute_from_command_line(sys.argv)
  File "C:\VS_Code\Camp_programs\Projects\vote_cast\venv\lib\site-packages\django\core\management\__init__.py", line 442, in execute_from_command_line
    utility.execute()
  File "C:\VS_Code\Camp_programs\Projects\vote_cast\venv\lib\site-packages\django\core\management\__init__.py", line 436, in execute
    self.fetch_command(subcommand).run_from_argv(self.argv)
  File "C:\VS_Code\Camp_programs\Projects\vote_cast\venv\lib\site-packages\django\core\management\__init__.py", line 275, in fetch_command
    klass = load_command_class(app_name, subcommand)
  File "C:\VS_Code\Camp_programs\Projects\vote_cast\venv\lib\site-packages\django\core\management\__init__.py", line 48, in load_command_class
    module = import_module("%s.management.commands.%s" % (app_name, name))
  File "C:\Users\\AppData\Local\Programs\Python\Python310\lib\importlib\__init__.py", line 126, in import_module
    return _bootstrap._gcd_import(name[level:], package, level)
  File "<frozen importlib._bootstrap>", line 1050, in _gcd_import
  File "<frozen importlib._bootstrap>", line 1027, in _find_and_load
  File "<frozen importlib._bootstrap>", line 1006, in _find_and_load_unlocked
  File "<frozen importlib._bootstrap>", line 688, in _load_unlocked
  File "<frozen importlib._bootstrap_external>", line 883, in exec_module
  File "<frozen importlib._bootstrap>", line 241, in _call_with_frames_removed
  File "C:\VS_Code\Camp_programs\Projects\vote_cast\voting_sessions\management\commands\send_notifications.py", line 2, in <module>
    from voting_sessions.utils import send_notifications  # Update import if needed
  File "C:\VS_Code\Camp_programs\Projects\vote_cast\voting_sessions\utils.py", line 3, in <module>
    from voting_sessions.models import VotingSession  # Ensure this is your correct model
ImportError: cannot import name 'VotingSession' from 'voting_sessions.models' (C:\VS_Code\Camp_programs\Projects\vote_cast\voting_sessions\models.py)
Script finished at Thu 02/27/2025 16:17:19.66 
Script started at Thu 02/27/2025 16:22:17.42 
Running Python script... 
Traceback (most recent call last):
  File "C:\VS_Code\Camp_programs\Projects\vote_cast\manage.py", line 21, in <module>
    main()
  File "C:\VS_Code\Camp_programs\Projects\vote_cast\manage.py", line 17, in main
    execute_from_command_line(sys.argv)
  File "C:\VS_Code\Camp_programs\Projects\vote_cast\venv\lib\site-packages\django\core\management\__init__.py", line 442, in execute_from_command_line
    utility.execute()
  File "C:\VS_Code\Camp_programs\Projects\vote_cast\venv\lib\site-packages\django\core\management\__init__.py", line 436, in execute
    self.fetch_command(subcommand).run_from_argv(self.argv)
  File "C:\VS_Code\Camp_programs\Projects\vote_cast\venv\lib\site-packages\django\core\management\__init__.py", line 275, in fetch_command
    klass = load_command_class(app_name, subcommand)
  File "C:\VS_Code\Camp_programs\Projects\vote_cast\venv\lib\site-packages\django\core\management\__init__.py", line 48, in load_command_class
    module = import_module("%s.management.commands.%s" % (app_name, name))
  File "C:\Users\\AppData\Local\Programs\Python\Python310\lib\importlib\__init__.py", line 126, in import_module
    return _bootstrap._gcd_import(name[level:], package, level)
  File "<frozen importlib._bootstrap>", line 1050, in _gcd_import
  File "<frozen importlib._bootstrap>", line 1027, in _find_and_load
  File "<frozen importlib._bootstrap>", line 1006, in _find_and_load_unlocked
  File "<frozen importlib._bootstrap>", line 688, in _load_unlocked
  File "<frozen importlib._bootstrap_external>", line 883, in exec_module
  File "<frozen importlib._bootstrap>", line 241, in _call_with_frames_removed
  File "C:\VS_Code\Camp_programs\Projects\vote_cast\voting_sessions\management\commands\send_notifications.py", line 2, in <module>
    from voting_sessions.utils import send_notifications  # Update import if needed
  File "C:\VS_Code\Camp_programs\Projects\vote_cast\voting_sessions\utils.py", line 3, in <module>
    from voting_sessions.models import VotingSession  # Ensure this is your correct model
ImportError: cannot import name 'VotingSession' from 'voting_sessions.models' (C:\VS_Code\Camp_programs\Projects\vote_cast\voting_sessions\models.py)
Script finished at Thu 02/27/2025 16:22:18.99 
Script started at Thu 02/27/2025 16:27:17.40 
Running Python script... 
Traceback (most recent call last):
  File "C:\VS_Code\Camp_programs\Projects\vote_cast\manage.py", line 21, in <module>
    main()
  File "C:\VS_Code\Camp_programs\Projects\vote_cast\manage.py", line 17, in main
    execute_from_command_line(sys.argv)
  File "C:\VS_Code\Camp_programs\Projects\vote_cast\venv\lib\site-packages\django\core\management\__init__.py", line 442, in execute_from_command_line
    utility.execute()
  File "C:\VS_Code\Camp_programs\Projects\vote_cast\venv\lib\site-packages\django\core\management\__init__.py", line 436, in execute
    self.fetch_command(subcommand).run_from_argv(self.argv)
  File "C:\VS_Code\Camp_programs\Projects\vote_cast\venv\lib\site-packages\django\core\management\__init__.py", line 275, in fetch_command
    klass = load_command_class(app_name, subcommand)
  File "C:\VS_Code\Camp_programs\Projects\vote_cast\venv\lib\site-packages\django\core\management\__init__.py", line 48, in load_command_class
    module = import_module("%s.management.commands.%s" % (app_name, name))
  File "C:\Users\\AppData\Local\Programs\Python\Python310\lib\importlib\__init__.py", line 126, in import_module
    return _bootstrap._gcd_import(name[level:], package, level)
  File "<frozen importlib._bootstrap>", line 1050, in _gcd_import
  File "<frozen importlib._bootstrap>", line 1027, in _find_and_load
  File "<frozen importlib._bootstrap>", line 1006, in _find_and_load_unlocked
  File "<frozen importlib._bootstrap>", line 688, in _load_unlocked
  File "<frozen importlib._bootstrap_external>", line 883, in exec_module
  File "<frozen importlib._bootstrap>", line 241, in _call_with_frames_removed
  File "C:\VS_Code\Camp_programs\Projects\vote_cast\voting_sessions\management\commands\send_notifications.py", line 2, in <module>
    from voting_sessions.utils import send_notifications  # Update import if needed
  File "C:\VS_Code\Camp_programs\Projects\vote_cast\voting_sessions\utils.py", line 3, in <module>
    from voting_sessions.models import VotingSession  # Ensure this is your correct model
ImportError: cannot import name 'VotingSession' from 'voting_sessions.models' (C:\VS_Code\Camp_programs\Projects\vote_cast\voting_sessions\models.py)
Script finished at Thu 02/27/2025 16:27:19.11 
Script started at Thu 02/27/2025 16:32:17.53 
Running Python script... 
Traceback (most recent call last):
  File "C:\VS_Code\Camp_programs\Projects\vote_cast\manage.py", line 21, in <module>
    main()
  File "C:\VS_Code\Camp_programs\Projects\vote_cast\manage.py", line 17, in main
    execute_from_command_line(sys.argv)
  File "C:\VS_Code\Camp_programs\Projects\vote_cast\venv\lib\site-packages\django\core\management\__init__.py", line 442, in execute_from_command_line
    utility.execute()
  File "C:\VS_Code\Camp_programs\Projects\vote_cast\venv\lib\site-packages\django\core\management\__init__.py", line 436, in execute
    self.fetch_command(subcommand).run_from_argv(self.argv)
  File "C:\VS_Code\Camp_programs\Projects\vote_cast\venv\lib\site-packages\django\core\management\__init__.py", line 275, in fetch_command
    klass = load_command_class(app_name, subcommand)
  File "C:\VS_Code\Camp_programs\Projects\vote_cast\venv\lib\site-packages\django\core\management\__init__.py", line 48, in load_command_class
    module = import_module("%s.management.commands.%s" % (app_name, name))
  File "C:\Users\\AppData\Local\Programs\Python\Python310\lib\importlib\__init__.py", line 126, in import_module
    return _bootstrap._gcd_import(name[level:], package, level)
  File "<frozen importlib._bootstrap>", line 1050, in _gcd_import
  File "<frozen importlib._bootstrap>", line 1027, in _find_and_load
  File "<frozen importlib._bootstrap>", line 1006, in _find_and_load_unlocked
  File "<frozen importlib._bootstrap>", line 688, in _load_unlocked
  File "<frozen importlib._bootstrap_external>", line 883, in exec_module
  File "<frozen importlib._bootstrap>", line 241, in _call_with_frames_removed
  File "C:\VS_Code\Camp_programs\Projects\vote_cast\voting_sessions\management\commands\send_notifications.py", line 2, in <module>
    from voting_sessions.utils import send_notifications  # Update import if needed
  File "C:\VS_Code\Camp_programs\Projects\vote_cast\voting_sessions\utils.py", line 3, in <module>
    from voting_sessions.models import VotingSession  # Ensure this is your correct model
ImportError: cannot import name 'VotingSession' from 'voting_sessions.models' (C:\VS_Code\Camp_programs\Projects\vote_cast\voting_sessions\models.py)
Script finished at Thu 02/27/2025 16:32:19.77 
Script started at Thu 02/27/2025 16:37:17.42 
Running Python script... 
Traceback (most recent call last):
  File "C:\VS_Code\Camp_programs\Projects\vote_cast\manage.py", line 21, in <module>
    main()
  File "C:\VS_Code\Camp_programs\Projects\vote_cast\manage.py", line 17, in main
    execute_from_command_line(sys.argv)
  File "C:\VS_Code\Camp_programs\Projects\vote_cast\venv\lib\site-packages\django\core\management\__init__.py", line 442, in execute_from_command_line
    utility.execute()
  File "C:\VS_Code\Camp_programs\Projects\vote_cast\venv\lib\site-packages\django\core\management\__init__.py", line 436, in execute
    self.fetch_command(subcommand).run_from_argv(self.argv)
  File "C:\VS_Code\Camp_programs\Projects\vote_cast\venv\lib\site-packages\django\core\management\__init__.py", line 275, in fetch_command
    klass = load_command_class(app_name, subcommand)
  File "C:\VS_Code\Camp_programs\Projects\vote_cast\venv\lib\site-packages\django\core\management\__init__.py", line 48, in load_command_class
    module = import_module("%s.management.commands.%s" % (app_name, name))
  File "C:\Users\\AppData\Local\Programs\Python\Python310\lib\importlib\__init__.py", line 126, in import_module
    return _bootstrap._gcd_import(name[level:], package, level)
  File "<frozen importlib._bootstrap>", line 1050, in _gcd_import
  File "<frozen importlib._bootstrap>", line 1027, in _find_and_load
  File "<frozen importlib._bootstrap>", line 1006, in _find_and_load_unlocked
  File "<frozen importlib._bootstrap>", line 688, in _load_unlocked
  File "<frozen importlib._bootstrap_external>", line 883, in exec_module
  File "<frozen importlib._bootstrap>", line 241, in _call_with_frames_removed
  File "C:\VS_Code\Camp_programs\Projects\vote_cast\voting_sessions\management\commands\send_notifications.py", line 2, in <module>
    from voting_sessions.utils import send_notifications  # Update import if needed
  File "C:\VS_Code\Camp_programs\Projects\vote_cast\voting_sessions\utils.py", line 3, in <module>
    from voting_sessions.models import VotingSession  # Ensure this is your correct model
ImportError: cannot import name 'VotingSession' from 'voting_sessions.models' (C:\VS_Code\Camp_programs\Projects\vote_cast\voting_sessions\models.py)
Script finished at Thu 02/27/2025 16:37:19.70 
Script started at Thu 02/27/2025 16:42:17.43 
Running Python script... 
Traceback (most recent call last):
  File "C:\VS_Code\Camp_programs\Projects\vote_cast\manage.py", line 21, in <module>
    main()
  File "C:\VS_Code\Camp_programs\Projects\vote_cast\manage.py", line 17, in main
    execute_from_command_line(sys.argv)
  File "C:\VS_Code\Camp_programs\Projects\vote_cast\venv\lib\site-packages\django\core\management\__init__.py", line 442, in execute_from_command_line
    utility.execute()
  File "C:\VS_Code\Camp_programs\Projects\vote_cast\venv\lib\site-packages\django\core\management\__init__.py", line 436, in execute
    self.fetch_command(subcommand).run_from_argv(self.argv)
  File "C:\VS_Code\Camp_programs\Projects\vote_cast\venv\lib\site-packages\django\core\management\__init__.py", line 275, in fetch_command
    klass = load_command_class(app_name, subcommand)
  File "C:\VS_Code\Camp_programs\Projects\vote_cast\venv\lib\site-packages\django\core\management\__init__.py", line 48, in load_command_class
    module = import_module("%s.management.commands.%s" % (app_name, name))
  File "C:\Users\\AppData\Local\Programs\Python\Python310\lib\importlib\__init__.py", line 126, in import_module
    return _bootstrap._gcd_import(name[level:], package, level)
  File "<frozen importlib._bootstrap>", line 1050, in _gcd_import
  File "<frozen importlib._bootstrap>", line 1027, in _find_and_load
  File "<frozen importlib._bootstrap>", line 1006, in _find_and_load_unlocked
  File "<frozen importlib._bootstrap>", line 688, in _load_unlocked
  File "<frozen importlib._bootstrap_external>", line 883, in exec_module
  File "<frozen importlib._bootstrap>", line 241, in _call_with_frames_removed
  File "C:\VS_Code\Camp_programs\Projects\vote_cast\voting_sessions\management\commands\send_notifications.py", line 2, in <module>
    from voting_sessions.utils import send_notifications  # Update import if needed
  File "C:\VS_Code\Camp_programs\Projects\vote_cast\voting_sessions\utils.py", line 3, in <module>
    from voting_sessions.models import VotingSession  # Ensure this is your correct model
ImportError: cannot import name 'VotingSession' from 'voting_sessions.models' (C:\VS_Code\Camp_programs\Projects\vote_cast\voting_sessions\models.py)
Script finished at Thu 02/27/2025 16:42:19.08 
Script started at Thu 02/27/2025 16:47:17.44 
Running Python script... 
Traceback (most recent call last):
  File "C:\VS_Code\Camp_programs\Projects\vote_cast\manage.py", line 21, in <module>
    main()
  File "C:\VS_Code\Camp_programs\Projects\vote_cast\manage.py", line 17, in main
    execute_from_command_line(sys.argv)
  File "C:\VS_Code\Camp_programs\Projects\vote_cast\venv\lib\site-packages\django\core\management\__init__.py", line 442, in execute_from_command_line
    utility.execute()
  File "C:\VS_Code\Camp_programs\Projects\vote_cast\venv\lib\site-packages\django\core\management\__init__.py", line 436, in execute
    self.fetch_command(subcommand).run_from_argv(self.argv)
  File "C:\VS_Code\Camp_programs\Projects\vote_cast\venv\lib\site-packages\django\core\management\__init__.py", line 275, in fetch_command
    klass = load_command_class(app_name, subcommand)
  File "C:\VS_Code\Camp_programs\Projects\vote_cast\venv\lib\site-packages\django\core\management\__init__.py", line 48, in load_command_class
    module = import_module("%s.management.commands.%s" % (app_name, name))
  File "C:\Users\\AppData\Local\Programs\Python\Python310\lib\importlib\__init__.py", line 126, in import_module
    return _bootstrap._gcd_import(name[level:], package, level)
  File "<frozen importlib._bootstrap>", line 1050, in _gcd_import
  File "<frozen importlib._bootstrap>", line 1027, in _find_and_load
  File "<frozen importlib._bootstrap>", line 1006, in _find_and_load_unlocked
  File "<frozen importlib._bootstrap>", line 688, in _load_unlocked
  File "<frozen importlib._bootstrap_external>", line 883, in exec_module
  File "<frozen importlib._bootstrap>", line 241, in _call_with_frames_removed
  File "C:\VS_Code\Camp_programs\Projects\vote_cast\voting_sessions\management\commands\send_notifications.py", line 2, in <module>
    from voting_sessions.utils import send_notifications  # Update import if needed
  File "C:\VS_Code\Camp_programs\Projects\vote_cast\voting_sessions\utils.py", line 3, in <module>
    from voting_sessions.models import VotingSession  # Ensure this is your correct model
ImportError: cannot import name 'VotingSession' from 'voting_sessions.models' (C:\VS_Code\Camp_programs\Projects\vote_cast\voting_sessions\models.py)
Script finished at Thu 02/27/2025 16:47:20.30 
Script started at Thu 02/27/2025 16:52:19.02 
Running Python script... 
Traceback (most recent call last):
  File "C:\VS_Code\Camp_programs\Projects\vote_cast\manage.py", line 21, in <module>
    main()
  File "C:\VS_Code\Camp_programs\Projects\vote_cast\manage.py", line 17, in main
    execute_from_command_line(sys.argv)
  File "C:\VS_Code\Camp_programs\Projects\vote_cast\venv\lib\site-packages\django\core\management\__init__.py", line 442, in execute_from_command_line
    utility.execute()
  File "C:\VS_Code\Camp_programs\Projects\vote_cast\venv\lib\site-packages\django\core\management\__init__.py", line 436, in execute
    self.fetch_command(subcommand).run_from_argv(self.argv)
  File "C:\VS_Code\Camp_programs\Projects\vote_cast\venv\lib\site-packages\django\core\management\__init__.py", line 275, in fetch_command
    klass = load_command_class(app_name, subcommand)
  File "C:\VS_Code\Camp_programs\Projects\vote_cast\venv\lib\site-packages\django\core\management\__init__.py", line 48, in load_command_class
    module = import_module("%s.management.commands.%s" % (app_name, name))
  File "C:\Users\\AppData\Local\Programs\Python\Python310\lib\importlib\__init__.py", line 126, in import_module
    return _bootstrap._gcd_import(name[level:], package, level)
  File "<frozen importlib._bootstrap>", line 1050, in _gcd_import
  File "<frozen importlib._bootstrap>", line 1027, in _find_and_load
  File "<frozen importlib._bootstrap>", line 1006, in _find_and_load_unlocked
  File "<frozen importlib._bootstrap>", line 688, in _load_unlocked
  File "<frozen importlib._bootstrap_external>", line 883, in exec_module
  File "<frozen importlib._bootstrap>", line 241, in _call_with_frames_removed
  File "C:\VS_Code\Camp_programs\Projects\vote_cast\voting_sessions\management\commands\send_notifications.py", line 2, in <module>
    from voting_sessions.utils import send_notifications  # Update import if needed
  File "C:\VS_Code\Camp_programs\Projects\vote_cast\voting_sessions\utils.py", line 3, in <module>
    from voting_sessions.models import VotingSession  # Ensure this is your correct model
ImportError: cannot import name 'VotingSession' from 'voting_sessions.models' (C:\VS_Code\Camp_programs\Projects\vote_cast\voting_sessions\models.py)
Script finished at Thu 02/27/2025 16:52:22.08 
Script started at Thu 02/27/2025 16:57:17.48 
Running Python script... 
Traceback (most recent call last):
  File "C:\VS_Code\Camp_programs\Projects\vote_cast\manage.py", line 21, in <module>
    main()
  File "C:\VS_Code\Camp_programs\Projects\vote_cast\manage.py", line 17, in main
    execute_from_command_line(sys.argv)
  File "C:\VS_Code\Camp_programs\Projects\vote_cast\venv\lib\site-packages\django\core\management\__init__.py", line 442, in execute_from_command_line
    utility.execute()
  File "C:\VS_Code\Camp_programs\Projects\vote_cast\venv\lib\site-packages\django\core\management\__init__.py", line 436, in execute
    self.fetch_command(subcommand).run_from_argv(self.argv)
  File "C:\VS_Code\Camp_programs\Projects\vote_cast\venv\lib\site-packages\django\core\management\__init__.py", line 275, in fetch_command
    klass = load_command_class(app_name, subcommand)
  File "C:\VS_Code\Camp_programs\Projects\vote_cast\venv\lib\site-packages\django\core\management\__init__.py", line 48, in load_command_class
    module = import_module("%s.management.commands.%s" % (app_name, name))
  File "C:\Users\\AppData\Local\Programs\Python\Python310\lib\importlib\__init__.py", line 126, in import_module
    return _bootstrap._gcd_import(name[level:], package, level)
  File "<frozen importlib._bootstrap>", line 1050, in _gcd_import
  File "<frozen importlib._bootstrap>", line 1027, in _find_and_load
  File "<frozen importlib._bootstrap>", line 1006, in _find_and_load_unlocked
  File "<frozen importlib._bootstrap>", line 688, in _load_unlocked
  File "<frozen importlib._bootstrap_external>", line 883, in exec_module
  File "<frozen importlib._bootstrap>", line 241, in _call_with_frames_removed
  File "C:\VS_Code\Camp_programs\Projects\vote_cast\voting_sessions\management\commands\send_notifications.py", line 2, in <module>
    from voting_sessions.utils import send_notifications  # Update import if needed
  File "C:\VS_Code\Camp_programs\Projects\vote_cast\voting_sessions\utils.py", line 3, in <module>
    from voting_sessions.models import VotingSession  # Ensure this is your correct model
ImportError: cannot import name 'VotingSession' from 'voting_sessions.models' (C:\VS_Code\Camp_programs\Projects\vote_cast\voting_sessions\models.py)
Script finished at Thu 02/27/2025 16:57:19.53 
Script started at Thu 02/27/2025 17:02:17.71 
Running Python script... 
Traceback (most recent call last):
  File "C:\VS_Code\Camp_programs\Projects\vote_cast\manage.py", line 21, in <module>
    main()
  File "C:\VS_Code\Camp_programs\Projects\vote_cast\manage.py", line 17, in main
    execute_from_command_line(sys.argv)
  File "C:\VS_Code\Camp_programs\Projects\vote_cast\venv\lib\site-packages\django\core\management\__init__.py", line 442, in execute_from_command_line
    utility.execute()
  File "C:\VS_Code\Camp_programs\Projects\vote_cast\venv\lib\site-packages\django\core\management\__init__.py", line 436, in execute
    self.fetch_command(subcommand).run_from_argv(self.argv)
  File "C:\VS_Code\Camp_programs\Projects\vote_cast\venv\lib\site-packages\django\core\management\__init__.py", line 275, in fetch_command
    klass = load_command_class(app_name, subcommand)
  File "C:\VS_Code\Camp_programs\Projects\vote_cast\venv\lib\site-packages\django\core\management\__init__.py", line 48, in load_command_class
    module = import_module("%s.management.commands.%s" % (app_name, name))
  File "C:\Users\\AppData\Local\Programs\Python\Python310\lib\importlib\__init__.py", line 126, in import_module
    return _bootstrap._gcd_import(name[level:], package, level)
  File "<frozen importlib._bootstrap>", line 1050, in _gcd_import
  File "<frozen importlib._bootstrap>", line 1027, in _find_and_load
  File "<frozen importlib._bootstrap>", line 1006, in _find_and_load_unlocked
  File "<frozen importlib._bootstrap>", line 688, in _load_unlocked
  File "<frozen importlib._bootstrap_external>", line 883, in exec_module
  File "<frozen importlib._bootstrap>", line 241, in _call_with_frames_removed
  File "C:\VS_Code\Camp_programs\Projects\vote_cast\voting_sessions\management\commands\send_notifications.py", line 2, in <module>
    from voting_sessions.utils import send_notifications  # Update import if needed
  File "C:\VS_Code\Camp_programs\Projects\vote_cast\voting_sessions\utils.py", line 3, in <module>
    from voting_sessions.models import VotingSession  # Ensure this is your correct model
ImportError: cannot import name 'VotingSession' from 'voting_sessions.models' (C:\VS_Code\Camp_programs\Projects\vote_cast\voting_sessions\models.py)
Script finished at Thu 02/27/2025 17:02:19.63 
Script started at Thu 02/27/2025 17:07:17.51 
Running Python script... 
Traceback (most recent call last):
  File "C:\VS_Code\Camp_programs\Projects\vote_cast\manage.py", line 21, in <module>
    main()
  File "C:\VS_Code\Camp_programs\Projects\vote_cast\manage.py", line 17, in main
    execute_from_command_line(sys.argv)
  File "C:\VS_Code\Camp_programs\Projects\vote_cast\venv\lib\site-packages\django\core\management\__init__.py", line 442, in execute_from_command_line
    utility.execute()
  File "C:\VS_Code\Camp_programs\Projects\vote_cast\venv\lib\site-packages\django\core\management\__init__.py", line 436, in execute
    self.fetch_command(subcommand).run_from_argv(self.argv)
  File "C:\VS_Code\Camp_programs\Projects\vote_cast\venv\lib\site-packages\django\core\management\__init__.py", line 275, in fetch_command
    klass = load_command_class(app_name, subcommand)
  File "C:\VS_Code\Camp_programs\Projects\vote_cast\venv\lib\site-packages\django\core\management\__init__.py", line 48, in load_command_class
    module = import_module("%s.management.commands.%s" % (app_name, name))
  File "C:\Users\\AppData\Local\Programs\Python\Python310\lib\importlib\__init__.py", line 126, in import_module
    return _bootstrap._gcd_import(name[level:], package, level)
  File "<frozen importlib._bootstrap>", line 1050, in _gcd_import
  File "<frozen importlib._bootstrap>", line 1027, in _find_and_load
  File "<frozen importlib._bootstrap>", line 1006, in _find_and_load_unlocked
  File "<frozen importlib._bootstrap>", line 688, in _load_unlocked
  File "<frozen importlib._bootstrap_external>", line 883, in exec_module
  File "<frozen importlib._bootstrap>", line 241, in _call_with_frames_removed
  File "C:\VS_Code\Camp_programs\Projects\vote_cast\voting_sessions\management\commands\send_notifications.py", line 2, in <module>
    from voting_sessions.utils import send_notifications  # Update import if needed
  File "C:\VS_Code\Camp_programs\Projects\vote_cast\voting_sessions\utils.py", line 3, in <module>
    from voting_sessions.models import VotingSession  # Ensure this is your correct model
ImportError: cannot import name 'VotingSession' from 'voting_sessions.models' (C:\VS_Code\Camp_programs\Projects\vote_cast\voting_sessions\models.py)
Script finished at Thu 02/27/2025 17:07:20.27 
Script started at Thu 02/27/2025 17:12:17.73 
Running Python script... 
Traceback (most recent call last):
  File "C:\VS_Code\Camp_programs\Projects\vote_cast\manage.py", line 21, in <module>
    main()
  File "C:\VS_Code\Camp_programs\Projects\vote_cast\manage.py", line 17, in main
    execute_from_command_line(sys.argv)
  File "C:\VS_Code\Camp_programs\Projects\vote_cast\venv\lib\site-packages\django\core\management\__init__.py", line 442, in execute_from_command_line
    utility.execute()
  File "C:\VS_Code\Camp_programs\Projects\vote_cast\venv\lib\site-packages\django\core\management\__init__.py", line 436, in execute
    self.fetch_command(subcommand).run_from_argv(self.argv)
  File "C:\VS_Code\Camp_programs\Projects\vote_cast\venv\lib\site-packages\django\core\management\__init__.py", line 275, in fetch_command
    klass = load_command_class(app_name, subcommand)
  File "C:\VS_Code\Camp_programs\Projects\vote_cast\venv\lib\site-packages\django\core\management\__init__.py", line 48, in load_command_class
    module = import_module("%s.management.commands.%s" % (app_name, name))
  File "C:\Users\\AppData\Local\Programs\Python\Python310\lib\importlib\__init__.py", line 126, in import_module
    return _bootstrap._gcd_import(name[level:], package, level)
  File "<frozen importlib._bootstrap>", line 1050, in _gcd_import
  File "<frozen importlib._bootstrap>", line 1027, in _find_and_load
  File "<frozen importlib._bootstrap>", line 1006, in _find_and_load_unlocked
  File "<frozen importlib._bootstrap>", line 688, in _load_unlocked
  File "<frozen importlib._bootstrap_external>", line 883, in exec_module
  File "<frozen importlib._bootstrap>", line 241, in _call_with_frames_removed
  File "C:\VS_Code\Camp_programs\Projects\vote_cast\voting_sessions\management\commands\send_notifications.py", line 3, in <module>
    from voting_sessions.utils import send_notifications  
  File "C:\VS_Code\Camp_programs\Projects\vote_cast\voting_sessions\utils.py", line 3, in <module>
    from voting_sessions.models import VotingSession  # Ensure this is your correct model
ImportError: cannot import name 'VotingSession' from 'voting_sessions.models' (C:\VS_Code\Camp_programs\Projects\vote_cast\voting_sessions\models.py)
Script finished at Thu 02/27/2025 17:12:20.89 
Script started at Thu 02/27/2025 17:17:17.52 
Running Python script... 
Traceback (most recent call last):
  File "C:\VS_Code\Camp_programs\Projects\vote_cast\manage.py", line 21, in <module>
    main()
  File "C:\VS_Code\Camp_programs\Projects\vote_cast\manage.py", line 17, in main
    execute_from_command_line(sys.argv)
  File "C:\VS_Code\Camp_programs\Projects\vote_cast\venv\lib\site-packages\django\core\management\__init__.py", line 442, in execute_from_command_line
    utility.execute()
  File "C:\VS_Code\Camp_programs\Projects\vote_cast\venv\lib\site-packages\django\core\management\__init__.py", line 436, in execute
    self.fetch_command(subcommand).run_from_argv(self.argv)
  File "C:\VS_Code\Camp_programs\Projects\vote_cast\venv\lib\site-packages\django\core\management\__init__.py", line 275, in fetch_command
    klass = load_command_class(app_name, subcommand)
  File "C:\VS_Code\Camp_programs\Projects\vote_cast\venv\lib\site-packages\django\core\management\__init__.py", line 48, in load_command_class
    module = import_module("%s.management.commands.%s" % (app_name, name))
  File "C:\Users\\AppData\Local\Programs\Python\Python310\lib\importlib\__init__.py", line 126, in import_module
    return _bootstrap._gcd_import(name[level:], package, level)
  File "<frozen importlib._bootstrap>", line 1050, in _gcd_import
  File "<frozen importlib._bootstrap>", line 1027, in _find_and_load
  File "<frozen importlib._bootstrap>", line 1006, in _find_and_load_unlocked
  File "<frozen importlib._bootstrap>", line 688, in _load_unlocked
  File "<frozen importlib._bootstrap_external>", line 883, in exec_module
  File "<frozen importlib._bootstrap>", line 241, in _call_with_frames_removed
  File "C:\VS_Code\Camp_programs\Projects\vote_cast\voting_sessions\management\commands\send_notifications.py", line 3, in <module>
    from voting_sessions.utils import send_notifications  
  File "C:\VS_Code\Camp_programs\Projects\vote_cast\voting_sessions\utils.py", line 3, in <module>
    from voting_sessions.models import VotingSession  # Ensure this is your correct model
ImportError: cannot import name 'VotingSession' from 'voting_sessions.models' (C:\VS_Code\Camp_programs\Projects\vote_cast\voting_sessions\models.py)
Script finished at Thu 02/27/2025 17:17:19.24 
Script started at Thu 02/27/2025 17:22:17.53 
Running Python script... 
\U0001f4e2 Running send_notifications command...
\u274c Error sending notifications: Cannot resolve keyword 'notified' into field. Choices are: choice_duration, creator_email, description, id, invitation_endpoint, options, session_end_time, session_start_time, title, vote, voting_duration
Script finished at Thu 02/27/2025 17:22:19.52 
Script started at Thu 02/27/2025 17:27:17.55 
Running Python script... 
\U0001f4e2 Running send_notifications command...
\u274c Error sending notifications: Cannot resolve keyword 'notified' into field. Choices are: choice_duration, creator_email, description, id, invitation_endpoint, options, session_end_time, session_start_time, title, vote, voting_duration
Script finished at Thu 02/27/2025 17:27:20.39 
Script started at Thu 02/27/2025 17:32:17.75 
Running Python script... 
\U0001f4e2 Running send_notifications command...
\u274c Error sending notifications: Cannot resolve keyword 'notified' into field. Choices are: choice_duration, creator_email, description, id, invitation_endpoint, options, session_end_time, session_start_time, title, vote, voting_duration
Script finished at Thu 02/27/2025 17:32:20.49 
Script started at Thu 02/27/2025 17:37:17.61 
Running Python script... 
\U0001f4e2 Running send_notifications command...
\u274c Error sending notifications: Cannot resolve keyword 'notified' into field. Choices are: choice_duration, creator_email, description, email_sent, id, invitation_endpoint, options, session_end_time, session_start_time, title, vote, voting_duration
Script finished at Thu 02/27/2025 17:37:20.81 
Script started at Thu 02/27/2025 17:42:17.61 
Running Python script... 
\U0001f4e2 Running send_notifications command...
\u274c Error sending notifications: Cannot resolve keyword 'notified' into field. Choices are: choice_duration, creator_email, description, email_sent, id, invitation_endpoint, options, session_end_time, session_start_time, title, vote, voting_duration
Script finished at Thu 02/27/2025 17:42:20.70 
Script started at Thu 02/27/2025 17:47:19.62 
Running Python script... 
\U0001f4e2 Running send_notifications command...
\u274c Error sending notifications: Cannot resolve keyword 'notified' into field. Choices are: choice_duration, creator_email, description, email_sent, id, invitation_endpoint, options, session_end_time, session_start_time, title, vote, voting_duration
Script finished at Thu 02/27/2025 17:47:27.95 
Script started at Thu 02/27/2025 17:52:17.66 
Running Python script... 
\U0001f4e2 Running send_notifications command...
\u274c Error sending notifications: Cannot resolve keyword 'notified' into field. Choices are: choice_duration, creator_email, description, email_sent, id, invitation_endpoint, options, session_end_time, session_start_time, title, vote, voting_duration
Script finished at Thu 02/27/2025 17:52:23.62 
Script started at Thu 02/27/2025 17:57:17.81 
Running Python script... 
\U0001f4e2 Running send_notifications command...
\u274c Error sending notifications: Cannot resolve keyword 'notified' into field. Choices are: choice_duration, creator_email, description, email_sent, id, invitation_endpoint, options, session_end_time, session_start_time, title, vote, voting_duration
Script finished at Thu 02/27/2025 17:57:20.99 
Script started at Thu 02/27/2025 18:02:17.69 
Running Python script... 
\U0001f4e2 Running send_notifications command...
\u274c Error sending notifications: Cannot resolve keyword 'notified' into field. Choices are: choice_duration, creator_email, description, email_sent, id, invitation_endpoint, options, session_end_time, session_start_time, title, vote, voting_duration
Script finished at Thu 02/27/2025 18:02:20.85 
Script started at Thu 02/27/2025 18:37:17.63 
Running Python script... 
\U0001f4e2 Running send_notifications command...
\u274c Error sending notifications: Cannot resolve keyword 'notified' into field. Choices are: choice_duration, creator_email, description, email_sent, id, invitation_endpoint, options, session_end_time, session_start_time, title, vote, voting_duration
Script finished at Thu 02/27/2025 18:37:20.95 
Script started at Thu 02/27/2025 18:42:17.64 
Running Python script... 
\U0001f4e2 Running send_notifications command...
\u274c Error sending notifications: Cannot resolve keyword 'notified' into field. Choices are: choice_duration, creator_email, description, email_sent, id, invitation_endpoint, options, session_end_time, session_start_time, title, vote, voting_duration
Script finished at Thu 02/27/2025 18:42:19.39 
Script started at Thu 02/27/2025 18:47:17.66 
Running Python script... 
\U0001f4e2 Running send_notifications command...
\u274c Error sending notifications: Cannot resolve keyword 'notified' into field. Choices are: choice_duration, creator_email, description, email_sent, id, invitation_endpoint, options, session_end_time, session_start_time, title, vote, voting_duration
Script finished at Thu 02/27/2025 18:47:19.56 
Script started at Thu 02/27/2025 18:52:18.19 
Running Python script... 
\U0001f4e2 Running send_notifications command...
\u274c Error sending notifications: 'Session' object has no attribute 'name'
Script finished at Thu 02/27/2025 18:52:24.40 
Script started at Thu 02/27/2025 18:57:17.77 
Running Python script... 
\U0001f4e2 Running send_notifications command...
\u274c Error sending notifications: 'charmap' codec can't encode character '\u274c' in position 0: character maps to <undefined>
Script finished at Thu 02/27/2025 18:57:25.01 
Script started at Thu 02/27/2025 19:02:17.83 
Running Python script... 
\U0001f4e2 Running send_notifications command...
\u274c Error sending notifications: 'charmap' codec can't encode character '\u274c' in position 0: character maps to <undefined>
Script finished at Thu 02/27/2025 19:02:21.55 
Script started at Thu 02/27/2025 19:07:17.68 
Running Python script... 
\U0001f4e2 Running send_notifications command...
\u274c Error sending notifications: 'charmap' codec can't encode character '\u274c' in position 0: character maps to <undefined>
Script finished at Thu 02/27/2025 19:07:20.73 
Script started at Thu 02/27/2025 19:12:17.71 
Running Python script... 
\U0001f4e2 Running send_notifications command...
\u274c Error sending notifications: 'charmap' codec can't encode character '\u274c' in position 0: character maps to <undefined>
Script finished at Thu 02/27/2025 19:12:20.86 
Script started at Thu 02/27/2025 19:17:17.74 
Running Python script... 
\U0001f4e2 Running send_notifications command...
\u274c Error sending notifications: 'charmap' codec can't encode character '\u274c' in position 0: character maps to <undefined>
Script finished at Thu 02/27/2025 19:17:26.01 
Script started at Thu 02/27/2025 19:22:17.70 
Running Python script... 
\U0001f4e2 Running send_notifications command...
\u274c Error sending notifications: 'charmap' codec can't encode character '\u274c' in position 0: character maps to <undefined>
Script finished at Thu 02/27/2025 19:22:21.46 
Script started at Thu 02/27/2025 19:27:17.75 
Running Python script... 
\U0001f4e2 Running send_notifications command...
\u274c Error sending notifications: 'charmap' codec can't encode character '\u274c' in position 0: character maps to <undefined>
Script finished at Thu 02/27/2025 19:27:21.15 
Script started at Thu 02/27/2025 19:32:18.39 
Running Python script... 
\U0001f4e2 Running send_notifications command...
\u274c Error sending notifications: 'charmap' codec can't encode character '\u274c' in position 0: character maps to <undefined>
Script finished at Thu 02/27/2025 19:32:26.89 
Script started at Thu 02/27/2025 19:37:17.98 
Running Python script... 
\U0001f4e2 Running send_notifications command...
\u274c Error sending notifications: 'charmap' codec can't encode character '\u274c' in position 0: character maps to <undefined>
Script finished at Thu 02/27/2025 19:37:22.76 
Script started at Thu 02/27/2025 19:42:17.75 
Running Python script... 
\U0001f4e2 Running send_notifications command...
\u274c Error sending notifications: 'charmap' codec can't encode character '\u274c' in position 0: character maps to <undefined>
Script finished at Thu 02/27/2025 19:42:31.94 
Script started at Thu 02/27/2025 19:47:20.38 
Running Python script... 
\U0001f4e2 Running send_notifications command...
\u274c Error sending notifications: 'charmap' codec can't encode character '\u274c' in position 0: character maps to <undefined>
Script finished at Thu 02/27/2025 19:47:38.50 
Script started at Thu 02/27/2025 19:52:17.82 
Running Python script... 
\U0001f4e2 Running send_notifications command...
\u274c Error sending notifications: 'charmap' codec can't encode character '\u274c' in position 0: character maps to <undefined>
Script finished at Thu 02/27/2025 19:52:22.25 
Script started at Thu 02/27/2025 19:57:17.82 
Running Python script... 
\U0001f4e2 Running send_notifications command...
\u274c Error sending notifications: 'charmap' codec can't encode character '\u274c' in position 0: character maps to <undefined>
Script finished at Thu 02/27/2025 19:57:21.70 
Script started at Thu 02/27/2025 20:02:18.05 
Running Python script... 
\U0001f4e2 Running send_notifications command...
\u2705 Notifications sent successfully.
No sessions found for notification.
Script finished at Thu 02/27/2025 20:02:22.17 
Script started at Thu 02/27/2025 20:07:17.84 
Running Python script... 
\U0001f4e2 Running send_notifications command...
\u2705 Notifications sent successfully.
No sessions found for notification.
Script finished at Thu 02/27/2025 20:07:19.87 
Script started at Thu 02/27/2025 20:12:17.89 
Running Python script... 
\U0001f4e2 Running send_notifications command...
\u2705 Notifications sent successfully.
No sessions found for notification.
Script finished at Thu 02/27/2025 20:12:20.26 
Script started at Thu 02/27/2025 20:17:17.88 
Running Python script... 
\U0001f4e2 Running send_notifications command...
\u2705 Notifications sent successfully.
No sessions found for notification.
Script finished at Thu 02/27/2025 20:17:26.29 
Script started at Thu 02/27/2025 20:22:17.91 
Running Python script... 
\U0001f4e2 Running send_notifications command...
\u2705 Notifications sent successfully.
No sessions found for notification.
Script finished at Thu 02/27/2025 20:22:20.14 
Script started at Thu 02/27/2025 20:27:17.90 
Running Python script... 
\U0001f4e2 Running send_notifications command...
\u2705 Notifications sent successfully.
No sessions found for notification.
Script finished at Thu 02/27/2025 20:27:21.26 
Script started at Thu 02/27/2025 21:02:39.28 
Running Python script... 
\U0001f4e2 Running send_notifications command...
\u2705 Notifications sent successfully.
No sessions found for notification.
Script finished at Thu 02/27/2025 21:02:41.26 
Script started at Thu 02/27/2025 21:07:18.83 
Running Python script... 
\U0001f4e2 Running send_notifications command...
\u2705 Notifications sent successfully.
No sessions found for notification.
Script finished at Thu 02/27/2025 21:07:20.74 
Script started at Thu 02/27/2025 21:12:17.83 
Running Python script... 
\U0001f4e2 Running send_notifications command...
\u2705 Notifications sent successfully.
No sessions found for notification.
Script finished at Thu 02/27/2025 21:12:20.35 
Script started at Thu 02/27/2025 21:17:17.89 
Running Python script... 
\U0001f4e2 Running send_notifications command...
\u2705 Notifications sent successfully.
No sessions found for notification.
Script finished at Thu 02/27/2025 21:17:20.81 
Script started at Thu 02/27/2025 21:22:17.89 
Running Python script... 
\U0001f4e2 Running send_notifications command...
\u2705 Notifications sent successfully.
No sessions found for notification.
Script finished at Thu 02/27/2025 21:22:20.62 
Script started at Thu 02/27/2025 21:27:17.95 
Running Python script... 
\U0001f4e2 Running send_notifications command...
\u274c Error sending notifications: make_aware expects a naive datetime, got 2025-02-27 21:27:22.308261+00:00
Script finished at Thu 02/27/2025 21:27:22.84 
Script started at Thu 02/27/2025 21:32:17.90 
Running Python script... 
\U0001f4e2 Running send_notifications command...
\u274c Error sending notifications: make_aware expects a naive datetime, got 2025-02-27 21:32:20.362886+00:00
Script finished at Thu 02/27/2025 21:32:20.54 
Script started at Thu 02/27/2025 21:37:17.91 
Running Python script... 
\U0001f4e2 Running send_notifications command...
\u274c Error sending notifications: 'No time zone found with key CEST'
Script finished at Thu 02/27/2025 21:37:20.83 
Script started at Thu 02/27/2025 21:42:18.11 
Running Python script... 
\U0001f4e2 Running send_notifications command...
\u274c Error sending notifications: 'No time zone found with key CEST'
Script finished at Thu 02/27/2025 21:42:21.68 
Script started at Thu 02/27/2025 21:47:17.97 
Running Python script... 
\U0001f4e2 Running send_notifications command...
\u274c Error sending notifications: 'No time zone found with key CEST'
Script finished at Thu 02/27/2025 21:47:22.01 
Script started at Thu 02/27/2025 21:52:18.25 
Running Python script... 
\U0001f4e2 Running send_notifications command...
\u274c Error sending notifications: 'No time zone found with key CEST'
Script finished at Thu 02/27/2025 21:52:33.42 
Script started at Thu 02/27/2025 21:57:17.97 
Running Python script... 
\U0001f4e2 Running send_notifications command...
\u274c Error sending notifications: make_aware expects a naive datetime, got 2025-02-27 21:57:20.984757+00:00
Script finished at Thu 02/27/2025 21:57:21.16 
Script started at Thu 02/27/2025 22:02:17.95 
Running Python script... 
\U0001f4e2 Running send_notifications command...
\u274c Error sending notifications: make_aware expects a naive datetime, got 2025-02-27 22:02:21.025861+00:00
Script finished at Thu 02/27/2025 22:02:21.22 
Script started at Thu 02/27/2025 22:07:17.96 
Running Python script... 
\U0001f4e2 Running send_notifications command...
\u274c Error sending notifications: make_aware expects a naive datetime, got 2025-02-27 22:07:21.464245+00:00
Script finished at Thu 02/27/2025 22:07:21.77 
Script started at Thu 02/27/2025 22:09:50.21 
Running Python script... 
\U0001f4e2 Running send_notifications command...
\u274c Error sending notifications: make_aware expects a naive datetime, got 2025-02-27 23:09:52.541075+01:00
Script finished at Thu 02/27/2025 22:09:52.73 
Script started at Thu 02/27/2025 22:12:17.97 
Running Python script... 
\U0001f4e2 Running send_notifications command...
\u274c Error sending notifications: make_aware expects a naive datetime, got 2025-02-27 23:12:20.598212+01:00
Script finished at Thu 02/27/2025 22:12:21.32 
Script started at Thu 02/27/2025 22:13:39.78 
Running Python script... 
\U0001f4e2 Running send_notifications command...
\u274c Error sending notifications: make_aware expects a naive datetime, got 2025-02-27 23:13:41.666963+01:00
Script finished at Thu 02/27/2025 22:13:41.88 
Script started at Thu 02/27/2025 22:17:18.12 
Running Python script... 
\U0001f4e2 Running send_notifications command...
\u274c Error sending notifications: make_aware expects a naive datetime, got 2025-02-27 23:17:21.240915+01:00
Script finished at Thu 02/27/2025 22:17:21.47 
Script started at Thu 02/27/2025 22:22:17.99 
Running Python script... 
\U0001f4e2 Running send_notifications command...
\u274c Error sending notifications: make_aware expects a naive datetime, got 2025-02-27 23:22:20.025813+01:00
Script finished at Thu 02/27/2025 22:22:20.23 
Script started at Thu 02/27/2025 22:27:17.99 
Running Python script... 
\U0001f4e2 Running send_notifications command...
\u274c Error sending notifications: make_aware expects a naive datetime, got 2025-02-27 23:27:19.970507+01:00
Script finished at Thu 02/27/2025 22:27:20.13 
Script started at Thu 02/27/2025 22:32:17.99 
Running Python script... 
\U0001f4e2 Running send_notifications command...
\u274c Error sending notifications: make_aware expects a naive datetime, got 2025-02-27 23:32:20.126479+01:00
Script finished at Thu 02/27/2025 22:32:20.31 
Script started at Thu 02/27/2025 22:37:18.02 
Running Python script... 
\U0001f4e2 Running send_notifications command...
\u274c Error sending notifications: make_aware expects a naive datetime, got 2025-02-27 23:37:20.276993+01:00
Script finished at Thu 02/27/2025 22:37:20.57 
Script started at Thu 02/27/2025 22:42:18.77 
Running Python script... 
\U0001f4e2 Running send_notifications command...
\u274c Error sending notifications: make_aware expects a naive datetime, got 2025-02-27 23:42:20.714681+01:00
Script finished at Thu 02/27/2025 22:42:21.10 
Script started at Thu 02/27/2025 22:47:18.05 
Running Python script... 
\U0001f4e2 Running send_notifications command...
\u274c Error sending notifications: make_aware expects a naive datetime, got 2025-02-27 23:47:21.418451+01:00
Script finished at Thu 02/27/2025 22:47:21.69 
Script started at Thu 02/27/2025 22:52:20.65 
Running Python script... 
\U0001f4e2 Running send_notifications command...
\u274c Error sending notifications: make_aware expects a naive datetime, got 2025-02-27 23:52:38.374935+01:00
Script finished at Thu 02/27/2025 22:52:38.73 
Script started at Thu 02/27/2025 22:57:17.16 
Running Python script... 
\U0001f4e2 Running send_notifications command...
\u2705 Notifications sent successfully.
No sessions found for notification.
Script finished at Thu 02/27/2025 22:57:20.20 
Script started at Thu 02/27/2025 23:02:17.21 
Running Python script... 
\U0001f4e2 Running send_notifications command...
\u274c Error sending notifications: local variable 'session' referenced before assignment
Script finished at Thu 02/27/2025 23:02:20.31 
Script started at Thu 02/27/2025 23:07:17.17 
Running Python script... 
\U0001f4e2 Running send_notifications command...
\u2705 Notifications sent successfully.
tt =  2025-02-28 00:07:19.187733+01:00
No sessions found for notification.
Script finished at Thu 02/27/2025 23:07:19.35 
Script started at Thu 02/27/2025 23:12:17.26 
Running Python script... 
\U0001f4e2 Running send_notifications command...
\u274c Error sending notifications: 'charmap' codec can't encode character '\u274c' in position 0: character maps to <undefined>
tt =  2025-02-28 02:12:19.909469+01:00
Script finished at Thu 02/27/2025 23:12:22.06 
Script started at Thu 02/27/2025 23:12:44.91 
Running Python script... 
\U0001f4e2 Running send_notifications command...
\u274c Error sending notifications: 'charmap' codec can't encode character '\u274c' in position 0: character maps to <undefined>
tt =  2025-02-28 02:12:47.412968+01:00
Script finished at Thu 02/27/2025 23:12:51.17 
Script started at Thu 02/27/2025 23:13:13.61 
Running Python script... 
\U0001f4e2 Running send_notifications command...
\u274c Error sending notifications: 'charmap' codec can't encode character '\u274c' in position 0: character maps to <undefined>
tt =  2025-02-28 02:13:16.663165+01:00
Script finished at Thu 02/27/2025 23:13:20.94 
Script started at Thu 02/27/2025 23:14:34.82 
Running Python script... 
\U0001f4e2 Running send_notifications command...
\u274c Error sending notifications: 'charmap' codec can't encode character '\u274c' in position 0: character maps to <undefined>
tt =  2025-02-28 00:14:37.167504+01:00
Script finished at Thu 02/27/2025 23:14:41.24 
Script started at Thu 02/27/2025 23:15:42.30 
Running Python script... 
\U0001f4e2 Running send_notifications command...
\u274c Error sending notifications: 'charmap' codec can't encode character '\u274c' in position 0: character maps to <undefined>
tt =  2025-02-28 00:15:44.374456+01:00
Script finished at Thu 02/27/2025 23:15:47.19 
Script started at Thu 02/27/2025 23:17:19.09 
Running Python script... 
\U0001f4e2 Running send_notifications command...
\u274c Error sending notifications: 'charmap' codec can't encode character '\u274c' in position 0: character maps to <undefined>
tt =  2025-02-28 00:17:23.136118+01:00
Script finished at Thu 02/27/2025 23:17:26.42 
Script started at Thu 02/27/2025 23:18:13.11 
Running Python script... 
\U0001f4e2 Running send_notifications command...
\u274c Error sending notifications: 'charmap' codec can't encode character '\u274c' in position 0: character maps to <undefined>
tt =  2025-02-28 00:18:15.199457+01:00
Script finished at Thu 02/27/2025 23:18:17.21 
Script started at Thu 02/27/2025 23:22:17.37 
Running Python script... 
\U0001f4e2 Running send_notifications command...
\u274c Error sending notifications: 'charmap' codec can't encode character '\u274c' in position 0: character maps to <undefined>
tt =  2025-02-28 00:22:20.595762+01:00
Script finished at Thu 02/27/2025 23:22:24.29 
Script started at Thu 02/27/2025 23:27:17.38 
Running Python script... 
\U0001f4e2 Running send_notifications command...
\u274c Error sending notifications: 'charmap' codec can't encode character '\u274c' in position 0: character maps to <undefined>
tt =  2025-02-28 00:27:19.918948+01:00
Script finished at Thu 02/27/2025 23:27:23.82 
Script started at Thu 02/27/2025 23:32:18.14 
Running Python script... 
\U0001f4e2 Running send_notifications command...
\u274c Error sending notifications: 'charmap' codec can't encode character '\u274c' in position 0: character maps to <undefined>
tt =  2025-02-28 00:32:20.962220+01:00
Script finished at Thu 02/27/2025 23:32:24.56 
Script started at Thu 02/27/2025 23:37:17.46 
Running Python script... 
\U0001f4e2 Running send_notifications command...
\u274c Error sending notifications: 'charmap' codec can't encode character '\u274c' in position 0: character maps to <undefined>
tt =  2025-02-28 00:37:21.547878+01:00
Script finished at Thu 02/27/2025 23:37:25.12 
Script started at Thu 02/27/2025 23:42:17.37 
Running Python script... 
\U0001f4e2 Running send_notifications command...
\u274c Error sending notifications: 'charmap' codec can't encode character '\u274c' in position 0: character maps to <undefined>
tt =  2025-02-28 00:42:20.351022+01:00
Script finished at Thu 02/27/2025 23:42:23.22 
Script started at Thu 02/27/2025 23:47:17.70 
Running Python script... 
\U0001f4e2 Running send_notifications command...
\u274c Error sending notifications: 'charmap' codec can't encode character '\u274c' in position 0: character maps to <undefined>
tt =  2025-02-28 00:47:22.240669+01:00
Script finished at Thu 02/27/2025 23:47:25.52 
Script started at Thu 02/27/2025 23:52:17.53 
Running Python script... 
\U0001f4e2 Running send_notifications command...
\u2705 Notifications sent successfully.
tt =  2025-02-28 00:52:20.939114+01:00
No sessions found for notification.
Script finished at Thu 02/27/2025 23:52:21.20 
Script started at Thu 02/27/2025 23:55:01.34 
Running Python script... 
\U0001f4e2 Running send_notifications command...
\u2705 Notifications sent successfully.
tt =  2025-02-28 00:55:03.550011+01:00
No sessions found for notification.
Script finished at Thu 02/27/2025 23:55:03.74 
Script started at Thu 02/27/2025 23:57:19.34 
Running Python script... 
\U0001f4e2 Running send_notifications command...
\u2705 Notifications sent successfully.
tt =  2025-02-28 01:57:23.301482+01:00
No sessions found for notification.
Script finished at Thu 02/27/2025 23:57:24.04 
Script started at Fri 02/28/2025  0:02:17.67 
Running Python script... 
\U0001f4e2 Running send_notifications command...
\u274c Error sending notifications: 'charmap' codec can't encode character '\u274c' in position 0: character maps to <undefined>
tt =  2025-02-28 01:02:21.283136+01:00
Script finished at Fri 02/28/2025  0:02:24.04 
Script started at Fri 02/28/2025  0:07:17.50 
Running Python script... 
\U0001f4e2 Running send_notifications command...
\u274c Error sending notifications: 'charmap' codec can't encode character '\u274c' in position 0: character maps to <undefined>
tt =  2025-02-28 01:07:21.546140+01:00
Script finished at Fri 02/28/2025  0:07:23.48 
Script started at Fri 02/28/2025  0:12:17.58 
Running Python script... 
\U0001f4e2 Running send_notifications command...
\u274c Error sending notifications: 'charmap' codec can't encode character '\u274c' in position 0: character maps to <undefined>
tt =  2025-02-28 01:12:19.561294+01:00
Script finished at Fri 02/28/2025  0:12:23.14 
Script started at Fri 02/28/2025  0:17:17.50 
Running Python script... 
\U0001f4e2 Running send_notifications command...
\u274c Error sending notifications: 'charmap' codec can't encode character '\u274c' in position 0: character maps to <undefined>
tt =  2025-02-28 01:17:19.478630+01:00
Script finished at Fri 02/28/2025  0:17:21.60 
Script started at Fri 02/28/2025 14:27:29.04 
Running Python script... 
\U0001f4e2 Running send_notifications command...
\u274c Error sending notifications: 'charmap' codec can't encode character '\u274c' in position 0: character maps to <undefined>
tt =  2025-02-28 15:27:31.301142+01:00
Script finished at Fri 02/28/2025 14:27:36.55 
Script started at Fri 02/28/2025 15:08:27.33 
Running Python script... 
\U0001f4e2 Running send_notifications command...
\u274c Error sending notifications: 'charmap' codec can't encode character '\u274c' in position 0: character maps to <undefined>
tt =  2025-02-28 16:08:29.447797+01:00
Script finished at Fri 02/28/2025 15:08:32.33 
Script started at Fri 02/28/2025 16:44:18.38 
Running Python script... 
\U0001f4e2 Running send_notifications command...
\u274c Error sending notifications: 'charmap' codec can't encode character '\u274c' in position 0: character maps to <undefined>
tt =  2025-02-28 17:44:20.245571+01:00
Script finished at Fri 02/28/2025 16:44:22.68 
Script started at Fri 02/28/2025 17:18:43.11 
Running Python script... 
\U0001f4e2 Running send_notifications command...
\u274c Error sending notifications: 'charmap' codec can't encode character '\u274c' in position 0: character maps to <undefined>
tt =  2025-02-28 18:18:45.117776+01:00
Script finished at Fri 02/28/2025 17:18:46.75 
Script started at Fri 02/28/2025 17:22:31.79 
Running Python script... 
\U0001f4e2 Running send_notifications command...
\u274c Error sending notifications: 'charmap' codec can't encode character '\u274c' in position 0: character maps to <undefined>
tt =  2025-02-28 18:22:37.750432+01:00
Script finished at Fri 02/28/2025 17:22:39.06 
Script started at Fri 02/28/2025 17:27:15.73 
Running Python script... 
\U0001f4e2 Running send_notifications command...
\u274c Error sending notifications: 'charmap' codec can't encode character '\u274c' in position 0: character maps to <undefined>
tt =  2025-02-28 18:27:22.906820+01:00
Script finished at Fri 02/28/2025 17:27:23.30 
Script started at Fri 02/28/2025 17:39:08.60 
Running Python script... 
\U0001f4e2 Running send_notifications command...
\u274c Error sending notifications: 'charmap' codec can't encode character '\u274c' in position 0: character maps to <undefined>
tt =  2025-02-28 18:39:11.444026+01:00
Script finished at Fri 02/28/2025 17:39:13.91 
Script started at Fri 02/28/2025 17:40:26.61 
Running Python script... 
\U0001f4e2 Running send_notifications command...
\u274c Error sending notifications: 'charmap' codec can't encode character '\u274c' in position 0: character maps to <undefined>
tt =  2025-02-28 18:40:30.005130+01:00
Script finished at Fri 02/28/2025 17:40:32.96 
Script started at Fri 02/28/2025 17:41:39.30 
Running Python script... 
\U0001f4e2 Running send_notifications command...
\u274c Error sending notifications: 'charmap' codec can't encode character '\u274c' in position 0: character maps to <undefined>
tt =  2025-02-28 18:41:42.439551+01:00
Script finished at Fri 02/28/2025 17:41:44.45 
Script started at Fri 02/28/2025 17:42:22.47 
Running Python script... 
\U0001f4e2 Running send_notifications command...
\u274c Error sending notifications: 'charmap' codec can't encode character '\u274c' in position 0: character maps to <undefined>
tt =  2025-02-28 18:42:27.205375+01:00
Script finished at Fri 02/28/2025 17:42:29.45 
Script started at Fri 02/28/2025 17:53:25.80 
Running Python script... 
\U0001f4e2 Running send_notifications command...
\u274c Error sending notifications: 'charmap' codec can't encode character '\u274c' in position 0: character maps to <undefined>
tt =  2025-02-28 18:53:27.997324+01:00
Script finished at Fri 02/28/2025 17:53:31.70 
Script started at Fri 02/28/2025 23:31:12.76 
Running Python script... 
\U0001f4e2 Running send_notifications command...
Attempting to send email for session: Best Place
\u2705 Email sent successfully for session: Best Place
\u2705 Notifications sent successfully.
Script finished at Fri 02/28/2025 23:31:17.52 
Script started at Sun 03/09/2025 17:49:26.66 
Running Python script... 
ZERO
EMAIL_HOST_USER: postvezha@gmail.com
EMAIL_HOST_PASSWORD: ljo***
Traceback (most recent call last):
  File "C:\VS_Code\Camp_programs\Projects\vote_cast\manage.py", line 27, in <module>
    main()
  File "C:\VS_Code\Camp_programs\Projects\vote_cast\manage.py", line 23, in main
    execute_from_command_line(sys.argv)
  File "C:\VS_Code\Camp_programs\Projects\vote_cast\venv\lib\site-packages\django\core\management\__init__.py", line 442, in execute_from_command_line
    utility.execute()
  File "C:\VS_Code\Camp_programs\Projects\vote_cast\venv\lib\site-packages\django\core\management\__init__.py", line 382, in execute
    settings.INSTALLED_APPS
  File "C:\VS_Code\Camp_programs\Projects\vote_cast\venv\lib\site-packages\django\conf\__init__.py", line 81, in __getattr__
    self._setup(name)
  File "C:\VS_Code\Camp_programs\Projects\vote_cast\venv\lib\site-packages\django\conf\__init__.py", line 68, in _setup
    self._wrapped = Settings(settings_module)
  File "C:\VS_Code\Camp_programs\Projects\vote_cast\venv\lib\site-packages\django\conf\__init__.py", line 166, in __init__
    mod = importlib.import_module(self.SETTINGS_MODULE)
  File "C:\Users\\AppData\Local\Programs\Python\Python310\lib\importlib\__init__.py", line 126, in import_module
    return _bootstrap._gcd_import(name[level:], package, level)
  File "<frozen importlib._bootstrap>", line 1050, in _gcd_import
  File "<frozen importlib._bootstrap>", line 1027, in _find_and_load
  File "<frozen importlib._bootstrap>", line 1006, in _find_and_load_unlocked
  File "<frozen importlib._bootstrap>", line 688, in _load_unlocked
  File "<frozen importlib._bootstrap_external>", line 883, in exec_module
  File "<frozen importlib._bootstrap>", line 241, in _call_with_frames_removed
  File "C:\VS_Code\Camp_programs\Projects\vote_cast\vote_cast\settings.py", line 255, in <module>
    print(f"\u2705 Loaded EMAIL_HOST_USER: {EMAIL_HOST_USER}")
  File "C:\Users\\AppData\Local\Programs\Python\Python310\lib\encodings\cp1251.py", line 19, in encode
    return codecs.charmap_encode(input,self.errors,encoding_table)[0]
UnicodeEncodeError: 'charmap' codec can't encode character '\u2705' in position 0: character maps to <undefined>
Script finished at Sun 03/09/2025 17:49:27.99 
Script started at Sun 03/09/2025 18:02:06.60 
Running Python script... 
ZERO
EMAIL_HOST_USER: postvezha@gmail.com
EMAIL_HOST_PASSWORD: ljo***
Traceback (most recent call last):
  File "C:\VS_Code\Camp_programs\Projects\vote_cast\manage.py", line 27, in <module>
    main()
  File "C:\VS_Code\Camp_programs\Projects\vote_cast\manage.py", line 23, in main
    execute_from_command_line(sys.argv)
  File "C:\VS_Code\Camp_programs\Projects\vote_cast\venv\lib\site-packages\django\core\management\__init__.py", line 442, in execute_from_command_line
    utility.execute()
  File "C:\VS_Code\Camp_programs\Projects\vote_cast\venv\lib\site-packages\django\core\management\__init__.py", line 382, in execute
    settings.INSTALLED_APPS
  File "C:\VS_Code\Camp_programs\Projects\vote_cast\venv\lib\site-packages\django\conf\__init__.py", line 81, in __getattr__
    self._setup(name)
  File "C:\VS_Code\Camp_programs\Projects\vote_cast\venv\lib\site-packages\django\conf\__init__.py", line 68, in _setup
    self._wrapped = Settings(settings_module)
  File "C:\VS_Code\Camp_programs\Projects\vote_cast\venv\lib\site-packages\django\conf\__init__.py", line 166, in __init__
    mod = importlib.import_module(self.SETTINGS_MODULE)
  File "C:\Users\\AppData\Local\Programs\Python\Python310\lib\importlib\__init__.py", line 126, in import_module
    return _bootstrap._gcd_import(name[level:], package, level)
  File "<frozen importlib._bootstrap>", line 1050, in _gcd_import
  File "<frozen importlib._bootstrap>", line 1027, in _find_and_load
  File "<frozen importlib._bootstrap>", line 1006, in _find_and_load_unlocked
  File "<frozen importlib._bootstrap>", line 688, in _load_unlocked
  File "<frozen importlib._bootstrap_external>", line 883, in exec_module
  File "<frozen importlib._bootstrap>", line 241, in _call_with_frames_removed
  File "C:\VS_Code\Camp_programs\Projects\vote_cast\vote_cast\settings.py", line 255, in <module>
    print(f"\u2705 Loaded EMAIL_HOST_USER: {EMAIL_HOST_USER}")
  File "C:\Users\\AppData\Local\Programs\Python\Python310\lib\encodings\cp1251.py", line 19, in encode
    return codecs.charmap_encode(input,self.errors,encoding_table)[0]
UnicodeEncodeError: 'charmap' codec can't encode character '\u2705' in position 0: character maps to <undefined>
Script finished at Sun 03/09/2025 18:02:09.32 
